{"C:\\Users\\ismai\\alba_corp_backend\\lib\\src\\application\\use_cases\\blog_post\\CreateBlogPost.js": {"path":"C:\\Users\\ismai\\alba_corp_backend\\lib\\src\\application\\use_cases\\blog_post\\CreateBlogPost.js","statementMap":{"0":{"start":{"line":2,"column":16},"end":{"line":10,"column":1}},"1":{"start":{"line":3,"column":28},"end":{"line":3,"column":110}},"2":{"start":{"line":3,"column":91},"end":{"line":3,"column":106}},"3":{"start":{"line":4,"column":4},"end":{"line":9,"column":7}},"4":{"start":{"line":5,"column":36},"end":{"line":5,"column":97}},"5":{"start":{"line":5,"column":42},"end":{"line":5,"column":70}},"6":{"start":{"line":5,"column":85},"end":{"line":5,"column":95}},"7":{"start":{"line":6,"column":35},"end":{"line":6,"column":100}},"8":{"start":{"line":6,"column":41},"end":{"line":6,"column":73}},"9":{"start":{"line":6,"column":88},"end":{"line":6,"column":98}},"10":{"start":{"line":7,"column":32},"end":{"line":7,"column":116}},"11":{"start":{"line":8,"column":8},"end":{"line":8,"column":78}},"12":{"start":{"line":11,"column":22},"end":{"line":13,"column":1}},"13":{"start":{"line":12,"column":4},"end":{"line":12,"column":62}},"14":{"start":{"line":14,"column":0},"end":{"line":14,"column":62}},"15":{"start":{"line":15,"column":19},"end":{"line":15,"column":80}},"16":{"start":{"line":16,"column":28},"end":{"line":16,"column":100}},"17":{"start":{"line":17,"column":0},"end":{"line":30,"column":3}},"18":{"start":{"line":17,"column":96},"end":{"line":30,"column":2}},"19":{"start":{"line":18,"column":4},"end":{"line":20,"column":5}},"20":{"start":{"line":19,"column":25},"end":{"line":19,"column":74}},"21":{"start":{"line":22,"column":4},"end":{"line":22,"column":83}},"22":{"start":{"line":23,"column":21},"end":{"line":28,"column":6}},"23":{"start":{"line":29,"column":4},"end":{"line":29,"column":47}}},"fnMap":{"0":{"name":"(anonymous_0)","decl":{"start":{"line":2,"column":44},"end":{"line":2,"column":45}},"loc":{"start":{"line":2,"column":89},"end":{"line":10,"column":1}},"line":2},"1":{"name":"adopt","decl":{"start":{"line":3,"column":13},"end":{"line":3,"column":18}},"loc":{"start":{"line":3,"column":26},"end":{"line":3,"column":112}},"line":3},"2":{"name":"(anonymous_2)","decl":{"start":{"line":3,"column":70},"end":{"line":3,"column":71}},"loc":{"start":{"line":3,"column":89},"end":{"line":3,"column":108}},"line":3},"3":{"name":"(anonymous_3)","decl":{"start":{"line":4,"column":36},"end":{"line":4,"column":37}},"loc":{"start":{"line":4,"column":63},"end":{"line":9,"column":5}},"line":4},"4":{"name":"fulfilled","decl":{"start":{"line":5,"column":17},"end":{"line":5,"column":26}},"loc":{"start":{"line":5,"column":34},"end":{"line":5,"column":99}},"line":5},"5":{"name":"rejected","decl":{"start":{"line":6,"column":17},"end":{"line":6,"column":25}},"loc":{"start":{"line":6,"column":33},"end":{"line":6,"column":102}},"line":6},"6":{"name":"step","decl":{"start":{"line":7,"column":17},"end":{"line":7,"column":21}},"loc":{"start":{"line":7,"column":30},"end":{"line":7,"column":118}},"line":7},"7":{"name":"(anonymous_7)","decl":{"start":{"line":11,"column":56},"end":{"line":11,"column":57}},"loc":{"start":{"line":11,"column":71},"end":{"line":13,"column":1}},"line":11},"8":{"name":"(anonymous_8)","decl":{"start":{"line":17,"column":18},"end":{"line":17,"column":19}},"loc":{"start":{"line":17,"column":96},"end":{"line":30,"column":2}},"line":17},"9":{"name":"(anonymous_9)","decl":{"start":{"line":17,"column":130},"end":{"line":17,"column":131}},"loc":{"start":{"line":17,"column":143},"end":{"line":30,"column":1}},"line":17}},"branchMap":{"0":{"loc":{"start":{"line":2,"column":16},"end":{"line":10,"column":1}},"type":"binary-expr","locations":[{"start":{"line":2,"column":17},"end":{"line":2,"column":21}},{"start":{"line":2,"column":25},"end":{"line":2,"column":39}},{"start":{"line":2,"column":44},"end":{"line":10,"column":1}}],"line":2},"1":{"loc":{"start":{"line":3,"column":35},"end":{"line":3,"column":109}},"type":"cond-expr","locations":[{"start":{"line":3,"column":56},"end":{"line":3,"column":61}},{"start":{"line":3,"column":64},"end":{"line":3,"column":109}}],"line":3},"2":{"loc":{"start":{"line":4,"column":16},"end":{"line":4,"column":34}},"type":"binary-expr","locations":[{"start":{"line":4,"column":16},"end":{"line":4,"column":17}},{"start":{"line":4,"column":22},"end":{"line":4,"column":33}}],"line":4},"3":{"loc":{"start":{"line":7,"column":32},"end":{"line":7,"column":115}},"type":"cond-expr","locations":[{"start":{"line":7,"column":46},"end":{"line":7,"column":67}},{"start":{"line":7,"column":70},"end":{"line":7,"column":115}}],"line":7},"4":{"loc":{"start":{"line":8,"column":51},"end":{"line":8,"column":67}},"type":"binary-expr","locations":[{"start":{"line":8,"column":51},"end":{"line":8,"column":61}},{"start":{"line":8,"column":65},"end":{"line":8,"column":67}}],"line":8},"5":{"loc":{"start":{"line":11,"column":22},"end":{"line":13,"column":1}},"type":"binary-expr","locations":[{"start":{"line":11,"column":23},"end":{"line":11,"column":27}},{"start":{"line":11,"column":31},"end":{"line":11,"column":51}},{"start":{"line":11,"column":56},"end":{"line":13,"column":1}}],"line":11},"6":{"loc":{"start":{"line":12,"column":11},"end":{"line":12,"column":61}},"type":"cond-expr","locations":[{"start":{"line":12,"column":37},"end":{"line":12,"column":40}},{"start":{"line":12,"column":43},"end":{"line":12,"column":61}}],"line":12},"7":{"loc":{"start":{"line":12,"column":12},"end":{"line":12,"column":33}},"type":"binary-expr","locations":[{"start":{"line":12,"column":12},"end":{"line":12,"column":15}},{"start":{"line":12,"column":19},"end":{"line":12,"column":33}}],"line":12},"8":{"loc":{"start":{"line":18,"column":4},"end":{"line":20,"column":5}},"type":"if","locations":[{"start":{"line":18,"column":4},"end":{"line":20,"column":5}},{"start":{},"end":{}}],"line":18}},"s":{"0":1,"1":6,"2":0,"3":3,"4":4,"5":4,"6":0,"7":2,"8":2,"9":2,"10":7,"11":3,"12":1,"13":2,"14":1,"15":1,"16":1,"17":1,"18":3,"19":3,"20":3,"21":3,"22":1,"23":1},"f":{"0":3,"1":6,"2":0,"3":3,"4":4,"5":2,"6":7,"7":2,"8":3,"9":3},"b":{"0":[1,1,1],"1":[6,0],"2":[3,3],"3":[1,6],"4":[3,3],"5":[1,1,1],"6":[2,0],"7":[2,2],"8":[3,0]},"inputSourceMap":null,"_coverageSchema":"1a1c01bbd47fc00a2c39e90264f33305004495a9","hash":"2d2687dbe2c326be2cf7cf7f833f5f5dc225cbf6"}
,"C:\\Users\\ismai\\alba_corp_backend\\lib\\src\\application\\use_cases\\blog_post\\ListBlogPosts.js": {"path":"C:\\Users\\ismai\\alba_corp_backend\\lib\\src\\application\\use_cases\\blog_post\\ListBlogPosts.js","statementMap":{"0":{"start":{"line":2,"column":16},"end":{"line":10,"column":1}},"1":{"start":{"line":3,"column":28},"end":{"line":3,"column":110}},"2":{"start":{"line":3,"column":91},"end":{"line":3,"column":106}},"3":{"start":{"line":4,"column":4},"end":{"line":9,"column":7}},"4":{"start":{"line":5,"column":36},"end":{"line":5,"column":97}},"5":{"start":{"line":5,"column":42},"end":{"line":5,"column":70}},"6":{"start":{"line":5,"column":85},"end":{"line":5,"column":95}},"7":{"start":{"line":6,"column":35},"end":{"line":6,"column":100}},"8":{"start":{"line":6,"column":41},"end":{"line":6,"column":73}},"9":{"start":{"line":6,"column":88},"end":{"line":6,"column":98}},"10":{"start":{"line":7,"column":32},"end":{"line":7,"column":116}},"11":{"start":{"line":8,"column":8},"end":{"line":8,"column":78}},"12":{"start":{"line":11,"column":0},"end":{"line":11,"column":62}},"13":{"start":{"line":12,"column":0},"end":{"line":12,"column":134}},"14":{"start":{"line":12,"column":46},"end":{"line":12,"column":133}},"15":{"start":{"line":12,"column":95},"end":{"line":12,"column":130}}},"fnMap":{"0":{"name":"(anonymous_0)","decl":{"start":{"line":2,"column":44},"end":{"line":2,"column":45}},"loc":{"start":{"line":2,"column":89},"end":{"line":10,"column":1}},"line":2},"1":{"name":"adopt","decl":{"start":{"line":3,"column":13},"end":{"line":3,"column":18}},"loc":{"start":{"line":3,"column":26},"end":{"line":3,"column":112}},"line":3},"2":{"name":"(anonymous_2)","decl":{"start":{"line":3,"column":70},"end":{"line":3,"column":71}},"loc":{"start":{"line":3,"column":89},"end":{"line":3,"column":108}},"line":3},"3":{"name":"(anonymous_3)","decl":{"start":{"line":4,"column":36},"end":{"line":4,"column":37}},"loc":{"start":{"line":4,"column":63},"end":{"line":9,"column":5}},"line":4},"4":{"name":"fulfilled","decl":{"start":{"line":5,"column":17},"end":{"line":5,"column":26}},"loc":{"start":{"line":5,"column":34},"end":{"line":5,"column":99}},"line":5},"5":{"name":"rejected","decl":{"start":{"line":6,"column":17},"end":{"line":6,"column":25}},"loc":{"start":{"line":6,"column":33},"end":{"line":6,"column":102}},"line":6},"6":{"name":"step","decl":{"start":{"line":7,"column":17},"end":{"line":7,"column":21}},"loc":{"start":{"line":7,"column":30},"end":{"line":7,"column":118}},"line":7},"7":{"name":"(anonymous_7)","decl":{"start":{"line":12,"column":18},"end":{"line":12,"column":19}},"loc":{"start":{"line":12,"column":46},"end":{"line":12,"column":133}},"line":12},"8":{"name":"(anonymous_8)","decl":{"start":{"line":12,"column":80},"end":{"line":12,"column":81}},"loc":{"start":{"line":12,"column":93},"end":{"line":12,"column":132}},"line":12}},"branchMap":{"0":{"loc":{"start":{"line":2,"column":16},"end":{"line":10,"column":1}},"type":"binary-expr","locations":[{"start":{"line":2,"column":17},"end":{"line":2,"column":21}},{"start":{"line":2,"column":25},"end":{"line":2,"column":39}},{"start":{"line":2,"column":44},"end":{"line":10,"column":1}}],"line":2},"1":{"loc":{"start":{"line":3,"column":35},"end":{"line":3,"column":109}},"type":"cond-expr","locations":[{"start":{"line":3,"column":56},"end":{"line":3,"column":61}},{"start":{"line":3,"column":64},"end":{"line":3,"column":109}}],"line":3},"2":{"loc":{"start":{"line":4,"column":16},"end":{"line":4,"column":34}},"type":"binary-expr","locations":[{"start":{"line":4,"column":16},"end":{"line":4,"column":17}},{"start":{"line":4,"column":22},"end":{"line":4,"column":33}}],"line":4},"3":{"loc":{"start":{"line":7,"column":32},"end":{"line":7,"column":115}},"type":"cond-expr","locations":[{"start":{"line":7,"column":46},"end":{"line":7,"column":67}},{"start":{"line":7,"column":70},"end":{"line":7,"column":115}}],"line":7},"4":{"loc":{"start":{"line":8,"column":51},"end":{"line":8,"column":67}},"type":"binary-expr","locations":[{"start":{"line":8,"column":51},"end":{"line":8,"column":61}},{"start":{"line":8,"column":65},"end":{"line":8,"column":67}}],"line":8}},"s":{"0":1,"1":0,"2":0,"3":2,"4":0,"5":0,"6":0,"7":0,"8":0,"9":0,"10":2,"11":2,"12":1,"13":1,"14":2,"15":2},"f":{"0":2,"1":0,"2":0,"3":2,"4":0,"5":0,"6":2,"7":2,"8":2},"b":{"0":[1,1,1],"1":[0,0],"2":[2,2],"3":[2,0],"4":[2,2]},"inputSourceMap":null,"_coverageSchema":"1a1c01bbd47fc00a2c39e90264f33305004495a9","hash":"8b233a0c4a9e8455c00df5d382b3ac5e6d57aa10"}
,"C:\\Users\\ismai\\alba_corp_backend\\lib\\src\\application\\use_cases\\image\\GenerateToken.js": {"path":"C:\\Users\\ismai\\alba_corp_backend\\lib\\src\\application\\use_cases\\image\\GenerateToken.js","statementMap":{"0":{"start":{"line":2,"column":16},"end":{"line":10,"column":1}},"1":{"start":{"line":3,"column":28},"end":{"line":3,"column":110}},"2":{"start":{"line":3,"column":91},"end":{"line":3,"column":106}},"3":{"start":{"line":4,"column":4},"end":{"line":9,"column":7}},"4":{"start":{"line":5,"column":36},"end":{"line":5,"column":97}},"5":{"start":{"line":5,"column":42},"end":{"line":5,"column":70}},"6":{"start":{"line":5,"column":85},"end":{"line":5,"column":95}},"7":{"start":{"line":6,"column":35},"end":{"line":6,"column":100}},"8":{"start":{"line":6,"column":41},"end":{"line":6,"column":73}},"9":{"start":{"line":6,"column":88},"end":{"line":6,"column":98}},"10":{"start":{"line":7,"column":32},"end":{"line":7,"column":116}},"11":{"start":{"line":8,"column":8},"end":{"line":8,"column":78}},"12":{"start":{"line":11,"column":0},"end":{"line":11,"column":62}},"13":{"start":{"line":12,"column":0},"end":{"line":12,"column":177}},"14":{"start":{"line":12,"column":68},"end":{"line":12,"column":176}},"15":{"start":{"line":12,"column":117},"end":{"line":12,"column":173}}},"fnMap":{"0":{"name":"(anonymous_0)","decl":{"start":{"line":2,"column":44},"end":{"line":2,"column":45}},"loc":{"start":{"line":2,"column":89},"end":{"line":10,"column":1}},"line":2},"1":{"name":"adopt","decl":{"start":{"line":3,"column":13},"end":{"line":3,"column":18}},"loc":{"start":{"line":3,"column":26},"end":{"line":3,"column":112}},"line":3},"2":{"name":"(anonymous_2)","decl":{"start":{"line":3,"column":70},"end":{"line":3,"column":71}},"loc":{"start":{"line":3,"column":89},"end":{"line":3,"column":108}},"line":3},"3":{"name":"(anonymous_3)","decl":{"start":{"line":4,"column":36},"end":{"line":4,"column":37}},"loc":{"start":{"line":4,"column":63},"end":{"line":9,"column":5}},"line":4},"4":{"name":"fulfilled","decl":{"start":{"line":5,"column":17},"end":{"line":5,"column":26}},"loc":{"start":{"line":5,"column":34},"end":{"line":5,"column":99}},"line":5},"5":{"name":"rejected","decl":{"start":{"line":6,"column":17},"end":{"line":6,"column":25}},"loc":{"start":{"line":6,"column":33},"end":{"line":6,"column":102}},"line":6},"6":{"name":"step","decl":{"start":{"line":7,"column":17},"end":{"line":7,"column":21}},"loc":{"start":{"line":7,"column":30},"end":{"line":7,"column":118}},"line":7},"7":{"name":"(anonymous_7)","decl":{"start":{"line":12,"column":18},"end":{"line":12,"column":19}},"loc":{"start":{"line":12,"column":68},"end":{"line":12,"column":176}},"line":12},"8":{"name":"(anonymous_8)","decl":{"start":{"line":12,"column":102},"end":{"line":12,"column":103}},"loc":{"start":{"line":12,"column":115},"end":{"line":12,"column":175}},"line":12}},"branchMap":{"0":{"loc":{"start":{"line":2,"column":16},"end":{"line":10,"column":1}},"type":"binary-expr","locations":[{"start":{"line":2,"column":17},"end":{"line":2,"column":21}},{"start":{"line":2,"column":25},"end":{"line":2,"column":39}},{"start":{"line":2,"column":44},"end":{"line":10,"column":1}}],"line":2},"1":{"loc":{"start":{"line":3,"column":35},"end":{"line":3,"column":109}},"type":"cond-expr","locations":[{"start":{"line":3,"column":56},"end":{"line":3,"column":61}},{"start":{"line":3,"column":64},"end":{"line":3,"column":109}}],"line":3},"2":{"loc":{"start":{"line":4,"column":16},"end":{"line":4,"column":34}},"type":"binary-expr","locations":[{"start":{"line":4,"column":16},"end":{"line":4,"column":17}},{"start":{"line":4,"column":22},"end":{"line":4,"column":33}}],"line":4},"3":{"loc":{"start":{"line":7,"column":32},"end":{"line":7,"column":115}},"type":"cond-expr","locations":[{"start":{"line":7,"column":46},"end":{"line":7,"column":67}},{"start":{"line":7,"column":70},"end":{"line":7,"column":115}}],"line":7},"4":{"loc":{"start":{"line":8,"column":51},"end":{"line":8,"column":67}},"type":"binary-expr","locations":[{"start":{"line":8,"column":51},"end":{"line":8,"column":61}},{"start":{"line":8,"column":65},"end":{"line":8,"column":67}}],"line":8}},"s":{"0":1,"1":0,"2":0,"3":0,"4":0,"5":0,"6":0,"7":0,"8":0,"9":0,"10":0,"11":0,"12":1,"13":1,"14":0,"15":0},"f":{"0":0,"1":0,"2":0,"3":0,"4":0,"5":0,"6":0,"7":0,"8":0},"b":{"0":[1,1,1],"1":[0,0],"2":[0,0],"3":[0,0],"4":[0,0]},"inputSourceMap":null,"_coverageSchema":"1a1c01bbd47fc00a2c39e90264f33305004495a9","hash":"7f48509ce1a0aab0e032e8c87a257ead933b1c7e"}
,"C:\\Users\\ismai\\alba_corp_backend\\lib\\src\\application\\use_cases\\image\\VerifyToken.js": {"path":"C:\\Users\\ismai\\alba_corp_backend\\lib\\src\\application\\use_cases\\image\\VerifyToken.js","statementMap":{"0":{"start":{"line":2,"column":16},"end":{"line":10,"column":1}},"1":{"start":{"line":3,"column":28},"end":{"line":3,"column":110}},"2":{"start":{"line":3,"column":91},"end":{"line":3,"column":106}},"3":{"start":{"line":4,"column":4},"end":{"line":9,"column":7}},"4":{"start":{"line":5,"column":36},"end":{"line":5,"column":97}},"5":{"start":{"line":5,"column":42},"end":{"line":5,"column":70}},"6":{"start":{"line":5,"column":85},"end":{"line":5,"column":95}},"7":{"start":{"line":6,"column":35},"end":{"line":6,"column":100}},"8":{"start":{"line":6,"column":41},"end":{"line":6,"column":73}},"9":{"start":{"line":6,"column":88},"end":{"line":6,"column":98}},"10":{"start":{"line":7,"column":32},"end":{"line":7,"column":116}},"11":{"start":{"line":8,"column":8},"end":{"line":8,"column":78}},"12":{"start":{"line":11,"column":0},"end":{"line":11,"column":62}},"13":{"start":{"line":12,"column":0},"end":{"line":20,"column":3}},"14":{"start":{"line":12,"column":59},"end":{"line":20,"column":2}},"15":{"start":{"line":13,"column":20},"end":{"line":13,"column":64}},"16":{"start":{"line":14,"column":4},"end":{"line":16,"column":5}},"17":{"start":{"line":15,"column":8},"end":{"line":15,"column":48}},"18":{"start":{"line":17,"column":4},"end":{"line":17,"column":50}},"19":{"start":{"line":18,"column":20},"end":{"line":18,"column":35}},"20":{"start":{"line":19,"column":4},"end":{"line":19,"column":54}}},"fnMap":{"0":{"name":"(anonymous_0)","decl":{"start":{"line":2,"column":44},"end":{"line":2,"column":45}},"loc":{"start":{"line":2,"column":89},"end":{"line":10,"column":1}},"line":2},"1":{"name":"adopt","decl":{"start":{"line":3,"column":13},"end":{"line":3,"column":18}},"loc":{"start":{"line":3,"column":26},"end":{"line":3,"column":112}},"line":3},"2":{"name":"(anonymous_2)","decl":{"start":{"line":3,"column":70},"end":{"line":3,"column":71}},"loc":{"start":{"line":3,"column":89},"end":{"line":3,"column":108}},"line":3},"3":{"name":"(anonymous_3)","decl":{"start":{"line":4,"column":36},"end":{"line":4,"column":37}},"loc":{"start":{"line":4,"column":63},"end":{"line":9,"column":5}},"line":4},"4":{"name":"fulfilled","decl":{"start":{"line":5,"column":17},"end":{"line":5,"column":26}},"loc":{"start":{"line":5,"column":34},"end":{"line":5,"column":99}},"line":5},"5":{"name":"rejected","decl":{"start":{"line":6,"column":17},"end":{"line":6,"column":25}},"loc":{"start":{"line":6,"column":33},"end":{"line":6,"column":102}},"line":6},"6":{"name":"step","decl":{"start":{"line":7,"column":17},"end":{"line":7,"column":21}},"loc":{"start":{"line":7,"column":30},"end":{"line":7,"column":118}},"line":7},"7":{"name":"(anonymous_7)","decl":{"start":{"line":12,"column":18},"end":{"line":12,"column":19}},"loc":{"start":{"line":12,"column":59},"end":{"line":20,"column":2}},"line":12},"8":{"name":"(anonymous_8)","decl":{"start":{"line":12,"column":93},"end":{"line":12,"column":94}},"loc":{"start":{"line":12,"column":106},"end":{"line":20,"column":1}},"line":12}},"branchMap":{"0":{"loc":{"start":{"line":2,"column":16},"end":{"line":10,"column":1}},"type":"binary-expr","locations":[{"start":{"line":2,"column":17},"end":{"line":2,"column":21}},{"start":{"line":2,"column":25},"end":{"line":2,"column":39}},{"start":{"line":2,"column":44},"end":{"line":10,"column":1}}],"line":2},"1":{"loc":{"start":{"line":3,"column":35},"end":{"line":3,"column":109}},"type":"cond-expr","locations":[{"start":{"line":3,"column":56},"end":{"line":3,"column":61}},{"start":{"line":3,"column":64},"end":{"line":3,"column":109}}],"line":3},"2":{"loc":{"start":{"line":4,"column":16},"end":{"line":4,"column":34}},"type":"binary-expr","locations":[{"start":{"line":4,"column":16},"end":{"line":4,"column":17}},{"start":{"line":4,"column":22},"end":{"line":4,"column":33}}],"line":4},"3":{"loc":{"start":{"line":7,"column":32},"end":{"line":7,"column":115}},"type":"cond-expr","locations":[{"start":{"line":7,"column":46},"end":{"line":7,"column":67}},{"start":{"line":7,"column":70},"end":{"line":7,"column":115}}],"line":7},"4":{"loc":{"start":{"line":8,"column":51},"end":{"line":8,"column":67}},"type":"binary-expr","locations":[{"start":{"line":8,"column":51},"end":{"line":8,"column":61}},{"start":{"line":8,"column":65},"end":{"line":8,"column":67}}],"line":8},"5":{"loc":{"start":{"line":14,"column":4},"end":{"line":16,"column":5}},"type":"if","locations":[{"start":{"line":14,"column":4},"end":{"line":16,"column":5}},{"start":{},"end":{}}],"line":14}},"s":{"0":1,"1":0,"2":0,"3":0,"4":0,"5":0,"6":0,"7":0,"8":0,"9":0,"10":0,"11":0,"12":1,"13":1,"14":0,"15":0,"16":0,"17":0,"18":0,"19":0,"20":0},"f":{"0":0,"1":0,"2":0,"3":0,"4":0,"5":0,"6":0,"7":0,"8":0},"b":{"0":[1,1,1],"1":[0,0],"2":[0,0],"3":[0,0],"4":[0,0],"5":[0,0]},"inputSourceMap":null,"_coverageSchema":"1a1c01bbd47fc00a2c39e90264f33305004495a9","hash":"ebb4f75f3a096898267e8f8e9c50b63675dc538c"}
,"C:\\Users\\ismai\\alba_corp_backend\\lib\\src\\domain\\entities\\BlogPost.js": {"path":"C:\\Users\\ismai\\alba_corp_backend\\lib\\src\\domain\\entities\\BlogPost.js","statementMap":{"0":{"start":{"line":2,"column":22},"end":{"line":4,"column":1}},"1":{"start":{"line":3,"column":4},"end":{"line":3,"column":62}},"2":{"start":{"line":5,"column":0},"end":{"line":5,"column":62}},"3":{"start":{"line":6,"column":17},"end":{"line":6,"column":53}},"4":{"start":{"line":9,"column":8},"end":{"line":9,"column":22}},"5":{"start":{"line":10,"column":8},"end":{"line":10,"column":27}},"6":{"start":{"line":11,"column":8},"end":{"line":11,"column":39}},"7":{"start":{"line":12,"column":8},"end":{"line":12,"column":35}},"8":{"start":{"line":13,"column":8},"end":{"line":13,"column":49}},"9":{"start":{"line":14,"column":8},"end":{"line":14,"column":33}},"10":{"start":{"line":17,"column":0},"end":{"line":17,"column":27}}},"fnMap":{"0":{"name":"(anonymous_0)","decl":{"start":{"line":2,"column":56},"end":{"line":2,"column":57}},"loc":{"start":{"line":2,"column":71},"end":{"line":4,"column":1}},"line":2},"1":{"name":"(anonymous_1)","decl":{"start":{"line":8,"column":4},"end":{"line":8,"column":5}},"loc":{"start":{"line":8,"column":83},"end":{"line":15,"column":5}},"line":8}},"branchMap":{"0":{"loc":{"start":{"line":2,"column":22},"end":{"line":4,"column":1}},"type":"binary-expr","locations":[{"start":{"line":2,"column":23},"end":{"line":2,"column":27}},{"start":{"line":2,"column":31},"end":{"line":2,"column":51}},{"start":{"line":2,"column":56},"end":{"line":4,"column":1}}],"line":2},"1":{"loc":{"start":{"line":3,"column":11},"end":{"line":3,"column":61}},"type":"cond-expr","locations":[{"start":{"line":3,"column":37},"end":{"line":3,"column":40}},{"start":{"line":3,"column":43},"end":{"line":3,"column":61}}],"line":3},"2":{"loc":{"start":{"line":3,"column":12},"end":{"line":3,"column":33}},"type":"binary-expr","locations":[{"start":{"line":3,"column":12},"end":{"line":3,"column":15}},{"start":{"line":3,"column":19},"end":{"line":3,"column":33}}],"line":3}},"s":{"0":1,"1":1,"2":1,"3":1,"4":18,"5":18,"6":18,"7":18,"8":18,"9":18,"10":1},"f":{"0":1,"1":18},"b":{"0":[1,1,1],"1":[1,0],"2":[1,1]},"inputSourceMap":null,"_coverageSchema":"1a1c01bbd47fc00a2c39e90264f33305004495a9","hash":"794b69d029296d49f062079c20681d312a8d1384"}
,"C:\\Users\\ismai\\alba_corp_backend\\lib\\src\\domain\\entities\\Entity.js": {"path":"C:\\Users\\ismai\\alba_corp_backend\\lib\\src\\domain\\entities\\Entity.js","statementMap":{"0":{"start":{"line":2,"column":0},"end":{"line":2,"column":62}},"1":{"start":{"line":5,"column":8},"end":{"line":5,"column":21}},"2":{"start":{"line":8,"column":0},"end":{"line":8,"column":25}}},"fnMap":{"0":{"name":"(anonymous_0)","decl":{"start":{"line":4,"column":4},"end":{"line":4,"column":5}},"loc":{"start":{"line":4,"column":24},"end":{"line":6,"column":5}},"line":4}},"branchMap":{},"s":{"0":1,"1":18,"2":1},"f":{"0":18},"b":{},"inputSourceMap":null,"_coverageSchema":"1a1c01bbd47fc00a2c39e90264f33305004495a9","hash":"704faa37c3748d43d66af61f9a63ce0bc07c41ad"}
,"C:\\Users\\ismai\\alba_corp_backend\\lib\\src\\domain\\validators\\BlogPostValidator.js": {"path":"C:\\Users\\ismai\\alba_corp_backend\\lib\\src\\domain\\validators\\BlogPostValidator.js","statementMap":{"0":{"start":{"line":2,"column":22},"end":{"line":4,"column":1}},"1":{"start":{"line":3,"column":4},"end":{"line":3,"column":62}},"2":{"start":{"line":5,"column":0},"end":{"line":5,"column":62}},"3":{"start":{"line":6,"column":14},"end":{"line":6,"column":45}},"4":{"start":{"line":7,"column":0},"end":{"line":13,"column":13}}},"fnMap":{"0":{"name":"(anonymous_0)","decl":{"start":{"line":2,"column":56},"end":{"line":2,"column":57}},"loc":{"start":{"line":2,"column":71},"end":{"line":4,"column":1}},"line":2}},"branchMap":{"0":{"loc":{"start":{"line":2,"column":22},"end":{"line":4,"column":1}},"type":"binary-expr","locations":[{"start":{"line":2,"column":23},"end":{"line":2,"column":27}},{"start":{"line":2,"column":31},"end":{"line":2,"column":51}},{"start":{"line":2,"column":56},"end":{"line":4,"column":1}}],"line":2},"1":{"loc":{"start":{"line":3,"column":11},"end":{"line":3,"column":61}},"type":"cond-expr","locations":[{"start":{"line":3,"column":37},"end":{"line":3,"column":40}},{"start":{"line":3,"column":43},"end":{"line":3,"column":61}}],"line":3},"2":{"loc":{"start":{"line":3,"column":12},"end":{"line":3,"column":33}},"type":"binary-expr","locations":[{"start":{"line":3,"column":12},"end":{"line":3,"column":15}},{"start":{"line":3,"column":19},"end":{"line":3,"column":33}}],"line":3}},"s":{"0":1,"1":1,"2":1,"3":1,"4":1},"f":{"0":1},"b":{"0":[1,1,1],"1":[0,1],"2":[1,1]},"inputSourceMap":null,"_coverageSchema":"1a1c01bbd47fc00a2c39e90264f33305004495a9","hash":"3a6671d6165a20512575c3f31ade2ac9f93274d7"}
,"C:\\Users\\ismai\\alba_corp_backend\\lib\\src\\infrastructure\\config\\environment.js": {"path":"C:\\Users\\ismai\\alba_corp_backend\\lib\\src\\infrastructure\\config\\environment.js","statementMap":{"0":{"start":{"line":2,"column":0},"end":{"line":2,"column":62}},"1":{"start":{"line":3,"column":0},"end":{"line":9,"column":5}},"2":{"start":{"line":4,"column":24},"end":{"line":7,"column":5}},"3":{"start":{"line":8,"column":4},"end":{"line":8,"column":23}}},"fnMap":{"0":{"name":"(anonymous_0)","decl":{"start":{"line":3,"column":19},"end":{"line":3,"column":20}},"loc":{"start":{"line":3,"column":25},"end":{"line":9,"column":1}},"line":3}},"branchMap":{"0":{"loc":{"start":{"line":5,"column":14},"end":{"line":5,"column":38}},"type":"binary-expr","locations":[{"start":{"line":5,"column":14},"end":{"line":5,"column":30}},{"start":{"line":5,"column":34},"end":{"line":5,"column":38}}],"line":5},"1":{"loc":{"start":{"line":6,"column":22},"end":{"line":6,"column":60}},"type":"binary-expr","locations":[{"start":{"line":6,"column":22},"end":{"line":6,"column":48}},{"start":{"line":6,"column":52},"end":{"line":6,"column":60}}],"line":6}},"s":{"0":1,"1":1,"2":1,"3":1},"f":{"0":1},"b":{"0":[1,1],"1":[1,1]},"inputSourceMap":null,"_coverageSchema":"1a1c01bbd47fc00a2c39e90264f33305004495a9","hash":"7518e00d0548dc86bd4b4e3dbe353db0833cc516"}
,"C:\\Users\\ismai\\alba_corp_backend\\lib\\src\\infrastructure\\config\\service-locator.js": {"path":"C:\\Users\\ismai\\alba_corp_backend\\lib\\src\\infrastructure\\config\\service-locator.js","statementMap":{"0":{"start":{"line":2,"column":22},"end":{"line":4,"column":1}},"1":{"start":{"line":3,"column":4},"end":{"line":3,"column":62}},"2":{"start":{"line":5,"column":0},"end":{"line":5,"column":62}},"3":{"start":{"line":6,"column":29},"end":{"line":6,"column":104}},"4":{"start":{"line":7,"column":33},"end":{"line":7,"column":109}},"5":{"start":{"line":8,"column":32},"end":{"line":8,"column":93}},"6":{"start":{"line":9,"column":31},"end":{"line":9,"column":91}},"7":{"start":{"line":11,"column":18},"end":{"line":16,"column":5}},"8":{"start":{"line":17,"column":4},"end":{"line":17,"column":17}},"9":{"start":{"line":19,"column":0},"end":{"line":19,"column":31}}},"fnMap":{"0":{"name":"(anonymous_0)","decl":{"start":{"line":2,"column":56},"end":{"line":2,"column":57}},"loc":{"start":{"line":2,"column":71},"end":{"line":4,"column":1}},"line":2},"1":{"name":"buildBeans","decl":{"start":{"line":10,"column":9},"end":{"line":10,"column":19}},"loc":{"start":{"line":10,"column":22},"end":{"line":18,"column":1}},"line":10}},"branchMap":{"0":{"loc":{"start":{"line":2,"column":22},"end":{"line":4,"column":1}},"type":"binary-expr","locations":[{"start":{"line":2,"column":23},"end":{"line":2,"column":27}},{"start":{"line":2,"column":31},"end":{"line":2,"column":51}},{"start":{"line":2,"column":56},"end":{"line":4,"column":1}}],"line":2},"1":{"loc":{"start":{"line":3,"column":11},"end":{"line":3,"column":61}},"type":"cond-expr","locations":[{"start":{"line":3,"column":37},"end":{"line":3,"column":40}},{"start":{"line":3,"column":43},"end":{"line":3,"column":61}}],"line":3},"2":{"loc":{"start":{"line":3,"column":12},"end":{"line":3,"column":33}},"type":"binary-expr","locations":[{"start":{"line":3,"column":12},"end":{"line":3,"column":15}},{"start":{"line":3,"column":19},"end":{"line":3,"column":33}}],"line":3}},"s":{"0":1,"1":4,"2":1,"3":1,"4":1,"5":1,"6":1,"7":1,"8":1,"9":1},"f":{"0":4,"1":1},"b":{"0":[1,1,1],"1":[4,0],"2":[4,4]},"inputSourceMap":null,"_coverageSchema":"1a1c01bbd47fc00a2c39e90264f33305004495a9","hash":"ff916f8f875d5f93195e6f81b1de8acf529fa497"}
,"C:\\Users\\ismai\\alba_corp_backend\\lib\\src\\infrastructure\\orm\\json_file\\json_file.js": {"path":"C:\\Users\\ismai\\alba_corp_backend\\lib\\src\\infrastructure\\orm\\json_file\\json_file.js","statementMap":{"0":{"start":{"line":2,"column":16},"end":{"line":10,"column":1}},"1":{"start":{"line":3,"column":28},"end":{"line":3,"column":110}},"2":{"start":{"line":3,"column":91},"end":{"line":3,"column":106}},"3":{"start":{"line":4,"column":4},"end":{"line":9,"column":7}},"4":{"start":{"line":5,"column":36},"end":{"line":5,"column":97}},"5":{"start":{"line":5,"column":42},"end":{"line":5,"column":70}},"6":{"start":{"line":5,"column":85},"end":{"line":5,"column":95}},"7":{"start":{"line":6,"column":35},"end":{"line":6,"column":100}},"8":{"start":{"line":6,"column":41},"end":{"line":6,"column":73}},"9":{"start":{"line":6,"column":88},"end":{"line":6,"column":98}},"10":{"start":{"line":7,"column":32},"end":{"line":7,"column":116}},"11":{"start":{"line":8,"column":8},"end":{"line":8,"column":78}},"12":{"start":{"line":11,"column":22},"end":{"line":13,"column":1}},"13":{"start":{"line":12,"column":4},"end":{"line":12,"column":62}},"14":{"start":{"line":14,"column":0},"end":{"line":14,"column":62}},"15":{"start":{"line":15,"column":19},"end":{"line":15,"column":58}},"16":{"start":{"line":16,"column":21},"end":{"line":16,"column":74}},"17":{"start":{"line":17,"column":22},"end":{"line":17,"column":72}},"18":{"start":{"line":18,"column":14},"end":{"line":18,"column":31}},"19":{"start":{"line":19,"column":0},"end":{"line":74,"column":2}},"20":{"start":{"line":21,"column":8},"end":{"line":30,"column":11}},"21":{"start":{"line":22,"column":28},"end":{"line":22,"column":77}},"22":{"start":{"line":23,"column":25},"end":{"line":23,"column":44}},"23":{"start":{"line":24,"column":12},"end":{"line":24,"column":30}},"24":{"start":{"line":25,"column":26},"end":{"line":27,"column":14}},"25":{"start":{"line":26,"column":16},"end":{"line":26,"column":56}},"26":{"start":{"line":28,"column":29},"end":{"line":28,"column":65}},"27":{"start":{"line":28,"column":52},"end":{"line":28,"column":64}},"28":{"start":{"line":29,"column":12},"end":{"line":29,"column":28}},"29":{"start":{"line":33,"column":8},"end":{"line":46,"column":11}},"30":{"start":{"line":34,"column":12},"end":{"line":34,"column":44}},"31":{"start":{"line":35,"column":28},"end":{"line":35,"column":91}},"32":{"start":{"line":36,"column":25},"end":{"line":36,"column":44}},"33":{"start":{"line":37,"column":29},"end":{"line":39,"column":14}},"34":{"start":{"line":38,"column":16},"end":{"line":38,"column":62}},"35":{"start":{"line":40,"column":12},"end":{"line":44,"column":13}},"36":{"start":{"line":41,"column":29},"end":{"line":41,"column":65}},"37":{"start":{"line":42,"column":16},"end":{"line":42,"column":34}},"38":{"start":{"line":43,"column":16},"end":{"line":43,"column":28}},"39":{"start":{"line":45,"column":12},"end":{"line":45,"column":24}},"40":{"start":{"line":49,"column":8},"end":{"line":72,"column":11}},"41":{"start":{"line":50,"column":12},"end":{"line":71,"column":13}},"42":{"start":{"line":51,"column":26},"end":{"line":51,"column":46}},"43":{"start":{"line":52,"column":31},"end":{"line":52,"column":58}},"44":{"start":{"line":53,"column":27},"end":{"line":53,"column":83}},"45":{"start":{"line":54,"column":16},"end":{"line":54,"column":32}},"46":{"start":{"line":55,"column":29},"end":{"line":62,"column":17}},"47":{"start":{"line":63,"column":16},"end":{"line":63,"column":34}},"48":{"start":{"line":64,"column":34},"end":{"line":64,"column":67}},"49":{"start":{"line":65,"column":16},"end":{"line":65,"column":85}},"50":{"start":{"line":66,"column":16},"end":{"line":66,"column":56}},"51":{"start":{"line":69,"column":16},"end":{"line":69,"column":35}},"52":{"start":{"line":70,"column":16},"end":{"line":70,"column":28}}},"fnMap":{"0":{"name":"(anonymous_0)","decl":{"start":{"line":2,"column":44},"end":{"line":2,"column":45}},"loc":{"start":{"line":2,"column":89},"end":{"line":10,"column":1}},"line":2},"1":{"name":"adopt","decl":{"start":{"line":3,"column":13},"end":{"line":3,"column":18}},"loc":{"start":{"line":3,"column":26},"end":{"line":3,"column":112}},"line":3},"2":{"name":"(anonymous_2)","decl":{"start":{"line":3,"column":70},"end":{"line":3,"column":71}},"loc":{"start":{"line":3,"column":89},"end":{"line":3,"column":108}},"line":3},"3":{"name":"(anonymous_3)","decl":{"start":{"line":4,"column":36},"end":{"line":4,"column":37}},"loc":{"start":{"line":4,"column":63},"end":{"line":9,"column":5}},"line":4},"4":{"name":"fulfilled","decl":{"start":{"line":5,"column":17},"end":{"line":5,"column":26}},"loc":{"start":{"line":5,"column":34},"end":{"line":5,"column":99}},"line":5},"5":{"name":"rejected","decl":{"start":{"line":6,"column":17},"end":{"line":6,"column":25}},"loc":{"start":{"line":6,"column":33},"end":{"line":6,"column":102}},"line":6},"6":{"name":"step","decl":{"start":{"line":7,"column":17},"end":{"line":7,"column":21}},"loc":{"start":{"line":7,"column":30},"end":{"line":7,"column":118}},"line":7},"7":{"name":"(anonymous_7)","decl":{"start":{"line":11,"column":56},"end":{"line":11,"column":57}},"loc":{"start":{"line":11,"column":71},"end":{"line":13,"column":1}},"line":11},"8":{"name":"(anonymous_8)","decl":{"start":{"line":20,"column":4},"end":{"line":20,"column":5}},"loc":{"start":{"line":20,"column":16},"end":{"line":31,"column":5}},"line":20},"9":{"name":"(anonymous_9)","decl":{"start":{"line":21,"column":47},"end":{"line":21,"column":48}},"loc":{"start":{"line":21,"column":60},"end":{"line":30,"column":9}},"line":21},"10":{"name":"(anonymous_10)","decl":{"start":{"line":25,"column":35},"end":{"line":25,"column":36}},"loc":{"start":{"line":25,"column":45},"end":{"line":27,"column":13}},"line":25},"11":{"name":"(anonymous_11)","decl":{"start":{"line":28,"column":42},"end":{"line":28,"column":43}},"loc":{"start":{"line":28,"column":52},"end":{"line":28,"column":64}},"line":28},"12":{"name":"(anonymous_12)","decl":{"start":{"line":32,"column":4},"end":{"line":32,"column":5}},"loc":{"start":{"line":32,"column":24},"end":{"line":47,"column":5}},"line":32},"13":{"name":"(anonymous_13)","decl":{"start":{"line":33,"column":47},"end":{"line":33,"column":48}},"loc":{"start":{"line":33,"column":60},"end":{"line":46,"column":9}},"line":33},"14":{"name":"(anonymous_14)","decl":{"start":{"line":37,"column":39},"end":{"line":37,"column":40}},"loc":{"start":{"line":37,"column":49},"end":{"line":39,"column":13}},"line":37},"15":{"name":"(anonymous_15)","decl":{"start":{"line":48,"column":4},"end":{"line":48,"column":5}},"loc":{"start":{"line":48,"column":29},"end":{"line":73,"column":5}},"line":48},"16":{"name":"(anonymous_16)","decl":{"start":{"line":49,"column":47},"end":{"line":49,"column":48}},"loc":{"start":{"line":49,"column":60},"end":{"line":72,"column":9}},"line":49}},"branchMap":{"0":{"loc":{"start":{"line":2,"column":16},"end":{"line":10,"column":1}},"type":"binary-expr","locations":[{"start":{"line":2,"column":17},"end":{"line":2,"column":21}},{"start":{"line":2,"column":25},"end":{"line":2,"column":39}},{"start":{"line":2,"column":44},"end":{"line":10,"column":1}}],"line":2},"1":{"loc":{"start":{"line":3,"column":35},"end":{"line":3,"column":109}},"type":"cond-expr","locations":[{"start":{"line":3,"column":56},"end":{"line":3,"column":61}},{"start":{"line":3,"column":64},"end":{"line":3,"column":109}}],"line":3},"2":{"loc":{"start":{"line":4,"column":16},"end":{"line":4,"column":34}},"type":"binary-expr","locations":[{"start":{"line":4,"column":16},"end":{"line":4,"column":17}},{"start":{"line":4,"column":22},"end":{"line":4,"column":33}}],"line":4},"3":{"loc":{"start":{"line":7,"column":32},"end":{"line":7,"column":115}},"type":"cond-expr","locations":[{"start":{"line":7,"column":46},"end":{"line":7,"column":67}},{"start":{"line":7,"column":70},"end":{"line":7,"column":115}}],"line":7},"4":{"loc":{"start":{"line":8,"column":51},"end":{"line":8,"column":67}},"type":"binary-expr","locations":[{"start":{"line":8,"column":51},"end":{"line":8,"column":61}},{"start":{"line":8,"column":65},"end":{"line":8,"column":67}}],"line":8},"5":{"loc":{"start":{"line":11,"column":22},"end":{"line":13,"column":1}},"type":"binary-expr","locations":[{"start":{"line":11,"column":23},"end":{"line":11,"column":27}},{"start":{"line":11,"column":31},"end":{"line":11,"column":51}},{"start":{"line":11,"column":56},"end":{"line":13,"column":1}}],"line":11},"6":{"loc":{"start":{"line":12,"column":11},"end":{"line":12,"column":61}},"type":"cond-expr","locations":[{"start":{"line":12,"column":37},"end":{"line":12,"column":40}},{"start":{"line":12,"column":43},"end":{"line":12,"column":61}}],"line":12},"7":{"loc":{"start":{"line":12,"column":12},"end":{"line":12,"column":33}},"type":"binary-expr","locations":[{"start":{"line":12,"column":12},"end":{"line":12,"column":15}},{"start":{"line":12,"column":19},"end":{"line":12,"column":33}}],"line":12},"8":{"loc":{"start":{"line":40,"column":12},"end":{"line":44,"column":13}},"type":"if","locations":[{"start":{"line":40,"column":12},"end":{"line":44,"column":13}},{"start":{},"end":{}}],"line":40}},"s":{"0":1,"1":3,"2":3,"3":3,"4":3,"5":3,"6":0,"7":0,"8":0,"9":0,"10":6,"11":3,"12":1,"13":3,"14":1,"15":1,"16":1,"17":1,"18":1,"19":1,"20":2,"21":2,"22":2,"23":2,"24":2,"25":16,"26":2,"27":16,"28":2,"29":0,"30":0,"31":0,"32":0,"33":0,"34":0,"35":0,"36":0,"37":0,"38":0,"39":0,"40":1,"41":1,"42":1,"43":1,"44":1,"45":1,"46":1,"47":1,"48":1,"49":1,"50":1,"51":0,"52":0},"f":{"0":3,"1":3,"2":3,"3":3,"4":3,"5":0,"6":6,"7":3,"8":2,"9":2,"10":16,"11":16,"12":0,"13":0,"14":0,"15":1,"16":1},"b":{"0":[1,1,1],"1":[0,3],"2":[3,3],"3":[3,3],"4":[3,3],"5":[1,1,1],"6":[1,2],"7":[3,3],"8":[0,0]},"inputSourceMap":null,"_coverageSchema":"1a1c01bbd47fc00a2c39e90264f33305004495a9","hash":"601c78ef6015ccf726fdad62164675b44562555f"}
,"C:\\Users\\ismai\\alba_corp_backend\\lib\\src\\infrastructure\\repositories\\json_file\\BlogPostRepositoryImpl.js": {"path":"C:\\Users\\ismai\\alba_corp_backend\\lib\\src\\infrastructure\\repositories\\json_file\\BlogPostRepositoryImpl.js","statementMap":{"0":{"start":{"line":2,"column":22},"end":{"line":4,"column":1}},"1":{"start":{"line":3,"column":4},"end":{"line":3,"column":62}},"2":{"start":{"line":5,"column":0},"end":{"line":5,"column":62}},"3":{"start":{"line":6,"column":20},"end":{"line":6,"column":77}},"4":{"start":{"line":9,"column":8},"end":{"line":9,"column":64}},"5":{"start":{"line":12,"column":8},"end":{"line":12,"column":47}},"6":{"start":{"line":15,"column":0},"end":{"line":15,"column":41}}},"fnMap":{"0":{"name":"(anonymous_0)","decl":{"start":{"line":2,"column":56},"end":{"line":2,"column":57}},"loc":{"start":{"line":2,"column":71},"end":{"line":4,"column":1}},"line":2},"1":{"name":"(anonymous_1)","decl":{"start":{"line":8,"column":4},"end":{"line":8,"column":5}},"loc":{"start":{"line":8,"column":25},"end":{"line":10,"column":5}},"line":8},"2":{"name":"(anonymous_2)","decl":{"start":{"line":11,"column":4},"end":{"line":11,"column":5}},"loc":{"start":{"line":11,"column":13},"end":{"line":13,"column":5}},"line":11}},"branchMap":{"0":{"loc":{"start":{"line":2,"column":22},"end":{"line":4,"column":1}},"type":"binary-expr","locations":[{"start":{"line":2,"column":23},"end":{"line":2,"column":27}},{"start":{"line":2,"column":31},"end":{"line":2,"column":51}},{"start":{"line":2,"column":56},"end":{"line":4,"column":1}}],"line":2},"1":{"loc":{"start":{"line":3,"column":11},"end":{"line":3,"column":61}},"type":"cond-expr","locations":[{"start":{"line":3,"column":37},"end":{"line":3,"column":40}},{"start":{"line":3,"column":43},"end":{"line":3,"column":61}}],"line":3},"2":{"loc":{"start":{"line":3,"column":12},"end":{"line":3,"column":33}},"type":"binary-expr","locations":[{"start":{"line":3,"column":12},"end":{"line":3,"column":15}},{"start":{"line":3,"column":19},"end":{"line":3,"column":33}}],"line":3}},"s":{"0":1,"1":1,"2":1,"3":1,"4":1,"5":2,"6":1},"f":{"0":1,"1":1,"2":2},"b":{"0":[1,1,1],"1":[1,0],"2":[1,1]},"inputSourceMap":null,"_coverageSchema":"1a1c01bbd47fc00a2c39e90264f33305004495a9","hash":"3e62b9d0e6ebed0260ea93c0f72ecd36f69679de"}
,"C:\\Users\\ismai\\alba_corp_backend\\lib\\src\\infrastructure\\security\\JwtAccessTokenManager.js": {"path":"C:\\Users\\ismai\\alba_corp_backend\\lib\\src\\infrastructure\\security\\JwtAccessTokenManager.js","statementMap":{"0":{"start":{"line":2,"column":22},"end":{"line":4,"column":1}},"1":{"start":{"line":3,"column":4},"end":{"line":3,"column":62}},"2":{"start":{"line":5,"column":0},"end":{"line":5,"column":62}},"3":{"start":{"line":6,"column":23},"end":{"line":6,"column":63}},"4":{"start":{"line":7,"column":22},"end":{"line":7,"column":71}},"5":{"start":{"line":10,"column":8},"end":{"line":10,"column":115}},"6":{"start":{"line":13,"column":8},"end":{"line":26,"column":11}},"7":{"start":{"line":14,"column":12},"end":{"line":25,"column":15}},"8":{"start":{"line":15,"column":16},"end":{"line":24,"column":17}},"9":{"start":{"line":16,"column":20},"end":{"line":16,"column":47}},"10":{"start":{"line":18,"column":21},"end":{"line":24,"column":17}},"11":{"start":{"line":19,"column":30},"end":{"line":19,"column":37}},"12":{"start":{"line":20,"column":20},"end":{"line":20,"column":31}},"13":{"start":{"line":23,"column":20},"end":{"line":23,"column":29}},"14":{"start":{"line":30,"column":0},"end":{"line":30,"column":40}}},"fnMap":{"0":{"name":"(anonymous_0)","decl":{"start":{"line":2,"column":56},"end":{"line":2,"column":57}},"loc":{"start":{"line":2,"column":71},"end":{"line":4,"column":1}},"line":2},"1":{"name":"(anonymous_1)","decl":{"start":{"line":9,"column":4},"end":{"line":9,"column":5}},"loc":{"start":{"line":9,"column":34},"end":{"line":11,"column":5}},"line":9},"2":{"name":"(anonymous_2)","decl":{"start":{"line":12,"column":4},"end":{"line":12,"column":5}},"loc":{"start":{"line":12,"column":24},"end":{"line":28,"column":5}},"line":12},"3":{"name":"(anonymous_3)","decl":{"start":{"line":13,"column":27},"end":{"line":13,"column":28}},"loc":{"start":{"line":13,"column":48},"end":{"line":26,"column":9}},"line":13},"4":{"name":"(anonymous_4)","decl":{"start":{"line":14,"column":91},"end":{"line":14,"column":92}},"loc":{"start":{"line":14,"column":111},"end":{"line":25,"column":13}},"line":14}},"branchMap":{"0":{"loc":{"start":{"line":2,"column":22},"end":{"line":4,"column":1}},"type":"binary-expr","locations":[{"start":{"line":2,"column":23},"end":{"line":2,"column":27}},{"start":{"line":2,"column":31},"end":{"line":2,"column":51}},{"start":{"line":2,"column":56},"end":{"line":4,"column":1}}],"line":2},"1":{"loc":{"start":{"line":3,"column":11},"end":{"line":3,"column":61}},"type":"cond-expr","locations":[{"start":{"line":3,"column":37},"end":{"line":3,"column":40}},{"start":{"line":3,"column":43},"end":{"line":3,"column":61}}],"line":3},"2":{"loc":{"start":{"line":3,"column":12},"end":{"line":3,"column":33}},"type":"binary-expr","locations":[{"start":{"line":3,"column":12},"end":{"line":3,"column":15}},{"start":{"line":3,"column":19},"end":{"line":3,"column":33}}],"line":3},"3":{"loc":{"start":{"line":15,"column":16},"end":{"line":24,"column":17}},"type":"if","locations":[{"start":{"line":15,"column":16},"end":{"line":24,"column":17}},{"start":{"line":18,"column":21},"end":{"line":24,"column":17}}],"line":15},"4":{"loc":{"start":{"line":18,"column":21},"end":{"line":24,"column":17}},"type":"if","locations":[{"start":{"line":18,"column":21},"end":{"line":24,"column":17}},{"start":{"line":22,"column":21},"end":{"line":24,"column":17}}],"line":18}},"s":{"0":1,"1":2,"2":1,"3":1,"4":1,"5":0,"6":0,"7":0,"8":0,"9":0,"10":0,"11":0,"12":0,"13":0,"14":1},"f":{"0":2,"1":0,"2":0,"3":0,"4":0},"b":{"0":[1,1,1],"1":[1,1],"2":[2,2],"3":[0,0],"4":[0,0]},"inputSourceMap":null,"_coverageSchema":"1a1c01bbd47fc00a2c39e90264f33305004495a9","hash":"b63e8583fc0c60a023d58d60a629ed08b58fe99a"}
,"C:\\Users\\ismai\\alba_corp_backend\\lib\\src\\infrastructure\\services\\ImageCompressManager.js": {"path":"C:\\Users\\ismai\\alba_corp_backend\\lib\\src\\infrastructure\\services\\ImageCompressManager.js","statementMap":{"0":{"start":{"line":2,"column":16},"end":{"line":10,"column":1}},"1":{"start":{"line":3,"column":28},"end":{"line":3,"column":110}},"2":{"start":{"line":3,"column":91},"end":{"line":3,"column":106}},"3":{"start":{"line":4,"column":4},"end":{"line":9,"column":7}},"4":{"start":{"line":5,"column":36},"end":{"line":5,"column":97}},"5":{"start":{"line":5,"column":42},"end":{"line":5,"column":70}},"6":{"start":{"line":5,"column":85},"end":{"line":5,"column":95}},"7":{"start":{"line":6,"column":35},"end":{"line":6,"column":100}},"8":{"start":{"line":6,"column":41},"end":{"line":6,"column":73}},"9":{"start":{"line":6,"column":88},"end":{"line":6,"column":98}},"10":{"start":{"line":7,"column":32},"end":{"line":7,"column":116}},"11":{"start":{"line":8,"column":8},"end":{"line":8,"column":78}},"12":{"start":{"line":11,"column":22},"end":{"line":13,"column":1}},"13":{"start":{"line":12,"column":4},"end":{"line":12,"column":62}},"14":{"start":{"line":14,"column":0},"end":{"line":14,"column":62}},"15":{"start":{"line":15,"column":16},"end":{"line":15,"column":49}},"16":{"start":{"line":16,"column":15},"end":{"line":16,"column":47}},"17":{"start":{"line":19,"column":8},"end":{"line":32,"column":11}},"18":{"start":{"line":20,"column":12},"end":{"line":30,"column":13}},"19":{"start":{"line":20,"column":29},"end":{"line":20,"column":30}},"20":{"start":{"line":21,"column":31},"end":{"line":21,"column":54}},"21":{"start":{"line":22,"column":33},"end":{"line":22,"column":58}},"22":{"start":{"line":23,"column":16},"end":{"line":23,"column":53}},"23":{"start":{"line":24,"column":16},"end":{"line":29,"column":17}},"24":{"start":{"line":25,"column":20},"end":{"line":25,"column":91}},"25":{"start":{"line":27,"column":21},"end":{"line":29,"column":17}},"26":{"start":{"line":28,"column":20},"end":{"line":28,"column":77}},"27":{"start":{"line":31,"column":12},"end":{"line":31,"column":22}},"28":{"start":{"line":35,"column":0},"end":{"line":35,"column":43}}},"fnMap":{"0":{"name":"(anonymous_0)","decl":{"start":{"line":2,"column":44},"end":{"line":2,"column":45}},"loc":{"start":{"line":2,"column":89},"end":{"line":10,"column":1}},"line":2},"1":{"name":"adopt","decl":{"start":{"line":3,"column":13},"end":{"line":3,"column":18}},"loc":{"start":{"line":3,"column":26},"end":{"line":3,"column":112}},"line":3},"2":{"name":"(anonymous_2)","decl":{"start":{"line":3,"column":70},"end":{"line":3,"column":71}},"loc":{"start":{"line":3,"column":89},"end":{"line":3,"column":108}},"line":3},"3":{"name":"(anonymous_3)","decl":{"start":{"line":4,"column":36},"end":{"line":4,"column":37}},"loc":{"start":{"line":4,"column":63},"end":{"line":9,"column":5}},"line":4},"4":{"name":"fulfilled","decl":{"start":{"line":5,"column":17},"end":{"line":5,"column":26}},"loc":{"start":{"line":5,"column":34},"end":{"line":5,"column":99}},"line":5},"5":{"name":"rejected","decl":{"start":{"line":6,"column":17},"end":{"line":6,"column":25}},"loc":{"start":{"line":6,"column":33},"end":{"line":6,"column":102}},"line":6},"6":{"name":"step","decl":{"start":{"line":7,"column":17},"end":{"line":7,"column":21}},"loc":{"start":{"line":7,"column":30},"end":{"line":7,"column":118}},"line":7},"7":{"name":"(anonymous_7)","decl":{"start":{"line":11,"column":56},"end":{"line":11,"column":57}},"loc":{"start":{"line":11,"column":71},"end":{"line":13,"column":1}},"line":11},"8":{"name":"(anonymous_8)","decl":{"start":{"line":18,"column":4},"end":{"line":18,"column":5}},"loc":{"start":{"line":18,"column":21},"end":{"line":33,"column":5}},"line":18},"9":{"name":"(anonymous_9)","decl":{"start":{"line":19,"column":47},"end":{"line":19,"column":48}},"loc":{"start":{"line":19,"column":60},"end":{"line":32,"column":9}},"line":19}},"branchMap":{"0":{"loc":{"start":{"line":2,"column":16},"end":{"line":10,"column":1}},"type":"binary-expr","locations":[{"start":{"line":2,"column":17},"end":{"line":2,"column":21}},{"start":{"line":2,"column":25},"end":{"line":2,"column":39}},{"start":{"line":2,"column":44},"end":{"line":10,"column":1}}],"line":2},"1":{"loc":{"start":{"line":3,"column":35},"end":{"line":3,"column":109}},"type":"cond-expr","locations":[{"start":{"line":3,"column":56},"end":{"line":3,"column":61}},{"start":{"line":3,"column":64},"end":{"line":3,"column":109}}],"line":3},"2":{"loc":{"start":{"line":4,"column":16},"end":{"line":4,"column":34}},"type":"binary-expr","locations":[{"start":{"line":4,"column":16},"end":{"line":4,"column":17}},{"start":{"line":4,"column":22},"end":{"line":4,"column":33}}],"line":4},"3":{"loc":{"start":{"line":7,"column":32},"end":{"line":7,"column":115}},"type":"cond-expr","locations":[{"start":{"line":7,"column":46},"end":{"line":7,"column":67}},{"start":{"line":7,"column":70},"end":{"line":7,"column":115}}],"line":7},"4":{"loc":{"start":{"line":8,"column":51},"end":{"line":8,"column":67}},"type":"binary-expr","locations":[{"start":{"line":8,"column":51},"end":{"line":8,"column":61}},{"start":{"line":8,"column":65},"end":{"line":8,"column":67}}],"line":8},"5":{"loc":{"start":{"line":11,"column":22},"end":{"line":13,"column":1}},"type":"binary-expr","locations":[{"start":{"line":11,"column":23},"end":{"line":11,"column":27}},{"start":{"line":11,"column":31},"end":{"line":11,"column":51}},{"start":{"line":11,"column":56},"end":{"line":13,"column":1}}],"line":11},"6":{"loc":{"start":{"line":12,"column":11},"end":{"line":12,"column":61}},"type":"cond-expr","locations":[{"start":{"line":12,"column":37},"end":{"line":12,"column":40}},{"start":{"line":12,"column":43},"end":{"line":12,"column":61}}],"line":12},"7":{"loc":{"start":{"line":12,"column":12},"end":{"line":12,"column":33}},"type":"binary-expr","locations":[{"start":{"line":12,"column":12},"end":{"line":12,"column":15}},{"start":{"line":12,"column":19},"end":{"line":12,"column":33}}],"line":12},"8":{"loc":{"start":{"line":24,"column":16},"end":{"line":29,"column":17}},"type":"if","locations":[{"start":{"line":24,"column":16},"end":{"line":29,"column":17}},{"start":{"line":27,"column":21},"end":{"line":29,"column":17}}],"line":24},"9":{"loc":{"start":{"line":27,"column":21},"end":{"line":29,"column":17}},"type":"if","locations":[{"start":{"line":27,"column":21},"end":{"line":29,"column":17}},{"start":{},"end":{}}],"line":27}},"s":{"0":1,"1":0,"2":0,"3":3,"4":0,"5":0,"6":0,"7":0,"8":0,"9":0,"10":3,"11":3,"12":1,"13":2,"14":1,"15":1,"16":1,"17":3,"18":3,"19":3,"20":0,"21":0,"22":0,"23":0,"24":0,"25":0,"26":0,"27":3,"28":1},"f":{"0":3,"1":0,"2":0,"3":3,"4":0,"5":0,"6":3,"7":2,"8":3,"9":3},"b":{"0":[1,1,1],"1":[0,0],"2":[3,3],"3":[3,0],"4":[3,3],"5":[1,1,1],"6":[0,2],"7":[2,2],"8":[0,0],"9":[0,0]},"inputSourceMap":null,"_coverageSchema":"1a1c01bbd47fc00a2c39e90264f33305004495a9","hash":"0f8c3bc2da52a93793fb586aa9ca227c70bd9409"}
,"C:\\Users\\ismai\\alba_corp_backend\\lib\\src\\infrastructure\\stos\\BlogPostSTO.js": {"path":"C:\\Users\\ismai\\alba_corp_backend\\lib\\src\\infrastructure\\stos\\BlogPostSTO.js","statementMap":{"0":{"start":{"line":2,"column":22},"end":{"line":4,"column":1}},"1":{"start":{"line":3,"column":4},"end":{"line":3,"column":62}},"2":{"start":{"line":5,"column":0},"end":{"line":5,"column":62}},"3":{"start":{"line":6,"column":19},"end":{"line":6,"column":77}},"4":{"start":{"line":7,"column":0},"end":{"line":18,"column":2}},"5":{"start":{"line":8,"column":4},"end":{"line":9,"column":20}},"6":{"start":{"line":9,"column":8},"end":{"line":9,"column":20}},"7":{"start":{"line":10,"column":4},"end":{"line":17,"column":7}}},"fnMap":{"0":{"name":"(anonymous_0)","decl":{"start":{"line":2,"column":56},"end":{"line":2,"column":57}},"loc":{"start":{"line":2,"column":71},"end":{"line":4,"column":1}},"line":2},"1":{"name":"(anonymous_1)","decl":{"start":{"line":7,"column":18},"end":{"line":7,"column":19}},"loc":{"start":{"line":7,"column":30},"end":{"line":18,"column":1}},"line":7}},"branchMap":{"0":{"loc":{"start":{"line":2,"column":22},"end":{"line":4,"column":1}},"type":"binary-expr","locations":[{"start":{"line":2,"column":23},"end":{"line":2,"column":27}},{"start":{"line":2,"column":31},"end":{"line":2,"column":51}},{"start":{"line":2,"column":56},"end":{"line":4,"column":1}}],"line":2},"1":{"loc":{"start":{"line":3,"column":11},"end":{"line":3,"column":61}},"type":"cond-expr","locations":[{"start":{"line":3,"column":37},"end":{"line":3,"column":40}},{"start":{"line":3,"column":43},"end":{"line":3,"column":61}}],"line":3},"2":{"loc":{"start":{"line":3,"column":12},"end":{"line":3,"column":33}},"type":"binary-expr","locations":[{"start":{"line":3,"column":12},"end":{"line":3,"column":15}},{"start":{"line":3,"column":19},"end":{"line":3,"column":33}}],"line":3},"3":{"loc":{"start":{"line":8,"column":4},"end":{"line":9,"column":20}},"type":"if","locations":[{"start":{"line":8,"column":4},"end":{"line":9,"column":20}},{"start":{},"end":{}}],"line":8}},"s":{"0":1,"1":1,"2":1,"3":1,"4":1,"5":17,"6":0,"7":17},"f":{"0":1,"1":17},"b":{"0":[1,1,1],"1":[1,0],"2":[1,1],"3":[0,17]},"inputSourceMap":null,"_coverageSchema":"1a1c01bbd47fc00a2c39e90264f33305004495a9","hash":"4cf77a6b9834205d8e5b2cae1ccc2db4595527af"}
,"C:\\Users\\ismai\\alba_corp_backend\\lib\\src\\infrastructure\\webserver\\routes\\routes.js": {"path":"C:\\Users\\ismai\\alba_corp_backend\\lib\\src\\infrastructure\\webserver\\routes\\routes.js","statementMap":{"0":{"start":{"line":2,"column":22},"end":{"line":4,"column":1}},"1":{"start":{"line":3,"column":4},"end":{"line":3,"column":62}},"2":{"start":{"line":5,"column":0},"end":{"line":5,"column":62}},"3":{"start":{"line":6,"column":18},"end":{"line":6,"column":36}},"4":{"start":{"line":7,"column":20},"end":{"line":7,"column":84}},"5":{"start":{"line":8,"column":16},"end":{"line":8,"column":76}},"6":{"start":{"line":9,"column":15},"end":{"line":9,"column":38}},"7":{"start":{"line":10,"column":0},"end":{"line":10,"column":45}},"8":{"start":{"line":11,"column":0},"end":{"line":11,"column":38}},"9":{"start":{"line":12,"column":0},"end":{"line":12,"column":25}}},"fnMap":{"0":{"name":"(anonymous_0)","decl":{"start":{"line":2,"column":56},"end":{"line":2,"column":57}},"loc":{"start":{"line":2,"column":71},"end":{"line":4,"column":1}},"line":2}},"branchMap":{"0":{"loc":{"start":{"line":2,"column":22},"end":{"line":4,"column":1}},"type":"binary-expr","locations":[{"start":{"line":2,"column":23},"end":{"line":2,"column":27}},{"start":{"line":2,"column":31},"end":{"line":2,"column":51}},{"start":{"line":2,"column":56},"end":{"line":4,"column":1}}],"line":2},"1":{"loc":{"start":{"line":3,"column":11},"end":{"line":3,"column":61}},"type":"cond-expr","locations":[{"start":{"line":3,"column":37},"end":{"line":3,"column":40}},{"start":{"line":3,"column":43},"end":{"line":3,"column":61}}],"line":3},"2":{"loc":{"start":{"line":3,"column":12},"end":{"line":3,"column":33}},"type":"binary-expr","locations":[{"start":{"line":3,"column":12},"end":{"line":3,"column":15}},{"start":{"line":3,"column":19},"end":{"line":3,"column":33}}],"line":3}},"s":{"0":1,"1":2,"2":1,"3":1,"4":1,"5":1,"6":1,"7":1,"8":1,"9":1},"f":{"0":2},"b":{"0":[1,1,1],"1":[2,0],"2":[2,2]},"inputSourceMap":null,"_coverageSchema":"1a1c01bbd47fc00a2c39e90264f33305004495a9","hash":"d8236dc24b7a0d90e8dd7e1dbd6eb99d2b6d654c"}
,"C:\\Users\\ismai\\alba_corp_backend\\lib\\src\\infrastructure\\webserver\\server\\app.js": {"path":"C:\\Users\\ismai\\alba_corp_backend\\lib\\src\\infrastructure\\webserver\\server\\app.js","statementMap":{"0":{"start":{"line":2,"column":22},"end":{"line":4,"column":1}},"1":{"start":{"line":3,"column":4},"end":{"line":3,"column":62}},"2":{"start":{"line":5,"column":0},"end":{"line":5,"column":62}},"3":{"start":{"line":6,"column":18},"end":{"line":6,"column":53}},"4":{"start":{"line":7,"column":26},"end":{"line":7,"column":82}},"5":{"start":{"line":8,"column":17},"end":{"line":8,"column":61}},"6":{"start":{"line":9,"column":22},"end":{"line":9,"column":61}},"7":{"start":{"line":10,"column":12},"end":{"line":10,"column":36}},"8":{"start":{"line":11,"column":15},"end":{"line":11,"column":41}},"9":{"start":{"line":12,"column":0},"end":{"line":12,"column":69}},"10":{"start":{"line":13,"column":0},"end":{"line":13,"column":51}},"11":{"start":{"line":14,"column":0},"end":{"line":14,"column":55}},"12":{"start":{"line":15,"column":0},"end":{"line":15,"column":40}},"13":{"start":{"line":16,"column":0},"end":{"line":16,"column":62}},"14":{"start":{"line":17,"column":0},"end":{"line":17,"column":38}},"15":{"start":{"line":18,"column":0},"end":{"line":18,"column":16}},"16":{"start":{"line":19,"column":0},"end":{"line":19,"column":22}}},"fnMap":{"0":{"name":"(anonymous_0)","decl":{"start":{"line":2,"column":56},"end":{"line":2,"column":57}},"loc":{"start":{"line":2,"column":71},"end":{"line":4,"column":1}},"line":2}},"branchMap":{"0":{"loc":{"start":{"line":2,"column":22},"end":{"line":4,"column":1}},"type":"binary-expr","locations":[{"start":{"line":2,"column":23},"end":{"line":2,"column":27}},{"start":{"line":2,"column":31},"end":{"line":2,"column":51}},{"start":{"line":2,"column":56},"end":{"line":4,"column":1}}],"line":2},"1":{"loc":{"start":{"line":3,"column":11},"end":{"line":3,"column":61}},"type":"cond-expr","locations":[{"start":{"line":3,"column":37},"end":{"line":3,"column":40}},{"start":{"line":3,"column":43},"end":{"line":3,"column":61}}],"line":3},"2":{"loc":{"start":{"line":3,"column":12},"end":{"line":3,"column":33}},"type":"binary-expr","locations":[{"start":{"line":3,"column":12},"end":{"line":3,"column":15}},{"start":{"line":3,"column":19},"end":{"line":3,"column":33}}],"line":3}},"s":{"0":1,"1":4,"2":1,"3":1,"4":1,"5":1,"6":1,"7":1,"8":1,"9":1,"10":1,"11":1,"12":1,"13":1,"14":1,"15":1,"16":1},"f":{"0":4},"b":{"0":[1,1,1],"1":[2,2],"2":[4,4]},"inputSourceMap":null,"_coverageSchema":"1a1c01bbd47fc00a2c39e90264f33305004495a9","hash":"e45c14fd0ebcb0f25336f89f5487988a638382bb"}
,"C:\\Users\\ismai\\alba_corp_backend\\lib\\src\\interfaces\\controllers\\BlogPostController.js": {"path":"C:\\Users\\ismai\\alba_corp_backend\\lib\\src\\interfaces\\controllers\\BlogPostController.js","statementMap":{"0":{"start":{"line":2,"column":16},"end":{"line":10,"column":1}},"1":{"start":{"line":3,"column":28},"end":{"line":3,"column":110}},"2":{"start":{"line":3,"column":91},"end":{"line":3,"column":106}},"3":{"start":{"line":4,"column":4},"end":{"line":9,"column":7}},"4":{"start":{"line":5,"column":36},"end":{"line":5,"column":97}},"5":{"start":{"line":5,"column":42},"end":{"line":5,"column":70}},"6":{"start":{"line":5,"column":85},"end":{"line":5,"column":95}},"7":{"start":{"line":6,"column":35},"end":{"line":6,"column":100}},"8":{"start":{"line":6,"column":41},"end":{"line":6,"column":73}},"9":{"start":{"line":6,"column":88},"end":{"line":6,"column":98}},"10":{"start":{"line":7,"column":32},"end":{"line":7,"column":116}},"11":{"start":{"line":8,"column":8},"end":{"line":8,"column":78}},"12":{"start":{"line":11,"column":22},"end":{"line":13,"column":1}},"13":{"start":{"line":12,"column":4},"end":{"line":12,"column":62}},"14":{"start":{"line":14,"column":0},"end":{"line":14,"column":62}},"15":{"start":{"line":15,"column":14},"end":{"line":15,"column":28}},"16":{"start":{"line":16,"column":24},"end":{"line":16,"column":103}},"17":{"start":{"line":17,"column":25},"end":{"line":17,"column":105}},"18":{"start":{"line":18,"column":0},"end":{"line":89,"column":2}},"19":{"start":{"line":20,"column":8},"end":{"line":30,"column":11}},"20":{"start":{"line":22,"column":35},"end":{"line":22,"column":57}},"21":{"start":{"line":24,"column":30},"end":{"line":24,"column":80}},"22":{"start":{"line":25,"column":12},"end":{"line":25,"column":64}},"23":{"start":{"line":25,"column":42},"end":{"line":25,"column":60}},"24":{"start":{"line":27,"column":27},"end":{"line":28,"column":105}},"25":{"start":{"line":28,"column":35},"end":{"line":28,"column":104}},"26":{"start":{"line":29,"column":12},"end":{"line":29,"column":41}},"27":{"start":{"line":33,"column":8},"end":{"line":87,"column":11}},"28":{"start":{"line":35,"column":35},"end":{"line":35,"column":57}},"29":{"start":{"line":37,"column":23},"end":{"line":37,"column":35}},"30":{"start":{"line":38,"column":20},"end":{"line":38,"column":22}},"31":{"start":{"line":39,"column":24},"end":{"line":39,"column":37}},"32":{"start":{"line":40,"column":29},"end":{"line":40,"column":38}},"33":{"start":{"line":41,"column":12},"end":{"line":48,"column":13}},"34":{"start":{"line":42,"column":34},"end":{"line":42,"column":56}},"35":{"start":{"line":43,"column":16},"end":{"line":43,"column":48}},"36":{"start":{"line":44,"column":16},"end":{"line":47,"column":19}},"37":{"start":{"line":49,"column":36},"end":{"line":49,"column":45}},"38":{"start":{"line":50,"column":12},"end":{"line":58,"column":13}},"39":{"start":{"line":51,"column":16},"end":{"line":57,"column":19}},"40":{"start":{"line":52,"column":20},"end":{"line":55,"column":23}},"41":{"start":{"line":56,"column":20},"end":{"line":56,"column":41}},"42":{"start":{"line":59,"column":12},"end":{"line":65,"column":14}},"43":{"start":{"line":67,"column":27},"end":{"line":67,"column":31}},"44":{"start":{"line":68,"column":24},"end":{"line":68,"column":28}},"45":{"start":{"line":69,"column":12},"end":{"line":80,"column":13}},"46":{"start":{"line":70,"column":16},"end":{"line":70,"column":88}},"47":{"start":{"line":73,"column":16},"end":{"line":79,"column":17}},"48":{"start":{"line":74,"column":20},"end":{"line":74,"column":51}},"49":{"start":{"line":76,"column":21},"end":{"line":79,"column":17}},"50":{"start":{"line":78,"column":20},"end":{"line":78,"column":40}},"51":{"start":{"line":82,"column":12},"end":{"line":84,"column":13}},"52":{"start":{"line":83,"column":16},"end":{"line":83,"column":69}},"53":{"start":{"line":85,"column":27},"end":{"line":85,"column":96}},"54":{"start":{"line":86,"column":12},"end":{"line":86,"column":53}}},"fnMap":{"0":{"name":"(anonymous_0)","decl":{"start":{"line":2,"column":44},"end":{"line":2,"column":45}},"loc":{"start":{"line":2,"column":89},"end":{"line":10,"column":1}},"line":2},"1":{"name":"adopt","decl":{"start":{"line":3,"column":13},"end":{"line":3,"column":18}},"loc":{"start":{"line":3,"column":26},"end":{"line":3,"column":112}},"line":3},"2":{"name":"(anonymous_2)","decl":{"start":{"line":3,"column":70},"end":{"line":3,"column":71}},"loc":{"start":{"line":3,"column":89},"end":{"line":3,"column":108}},"line":3},"3":{"name":"(anonymous_3)","decl":{"start":{"line":4,"column":36},"end":{"line":4,"column":37}},"loc":{"start":{"line":4,"column":63},"end":{"line":9,"column":5}},"line":4},"4":{"name":"fulfilled","decl":{"start":{"line":5,"column":17},"end":{"line":5,"column":26}},"loc":{"start":{"line":5,"column":34},"end":{"line":5,"column":99}},"line":5},"5":{"name":"rejected","decl":{"start":{"line":6,"column":17},"end":{"line":6,"column":25}},"loc":{"start":{"line":6,"column":33},"end":{"line":6,"column":102}},"line":6},"6":{"name":"step","decl":{"start":{"line":7,"column":17},"end":{"line":7,"column":21}},"loc":{"start":{"line":7,"column":30},"end":{"line":7,"column":118}},"line":7},"7":{"name":"(anonymous_7)","decl":{"start":{"line":11,"column":56},"end":{"line":11,"column":57}},"loc":{"start":{"line":11,"column":71},"end":{"line":13,"column":1}},"line":11},"8":{"name":"(anonymous_8)","decl":{"start":{"line":19,"column":4},"end":{"line":19,"column":5}},"loc":{"start":{"line":19,"column":39},"end":{"line":31,"column":5}},"line":19},"9":{"name":"(anonymous_9)","decl":{"start":{"line":20,"column":47},"end":{"line":20,"column":48}},"loc":{"start":{"line":20,"column":60},"end":{"line":30,"column":9}},"line":20},"10":{"name":"(anonymous_10)","decl":{"start":{"line":25,"column":30},"end":{"line":25,"column":31}},"loc":{"start":{"line":25,"column":40},"end":{"line":25,"column":62}},"line":25},"11":{"name":"(anonymous_11)","decl":{"start":{"line":28,"column":21},"end":{"line":28,"column":22}},"loc":{"start":{"line":28,"column":35},"end":{"line":28,"column":104}},"line":28},"12":{"name":"(anonymous_12)","decl":{"start":{"line":32,"column":4},"end":{"line":32,"column":5}},"loc":{"start":{"line":32,"column":38},"end":{"line":88,"column":5}},"line":32},"13":{"name":"(anonymous_13)","decl":{"start":{"line":33,"column":47},"end":{"line":33,"column":48}},"loc":{"start":{"line":33,"column":60},"end":{"line":87,"column":9}},"line":33},"14":{"name":"(anonymous_14)","decl":{"start":{"line":51,"column":67},"end":{"line":51,"column":68}},"loc":{"start":{"line":51,"column":77},"end":{"line":57,"column":17}},"line":51}},"branchMap":{"0":{"loc":{"start":{"line":2,"column":16},"end":{"line":10,"column":1}},"type":"binary-expr","locations":[{"start":{"line":2,"column":17},"end":{"line":2,"column":21}},{"start":{"line":2,"column":25},"end":{"line":2,"column":39}},{"start":{"line":2,"column":44},"end":{"line":10,"column":1}}],"line":2},"1":{"loc":{"start":{"line":3,"column":35},"end":{"line":3,"column":109}},"type":"cond-expr","locations":[{"start":{"line":3,"column":56},"end":{"line":3,"column":61}},{"start":{"line":3,"column":64},"end":{"line":3,"column":109}}],"line":3},"2":{"loc":{"start":{"line":4,"column":16},"end":{"line":4,"column":34}},"type":"binary-expr","locations":[{"start":{"line":4,"column":16},"end":{"line":4,"column":17}},{"start":{"line":4,"column":22},"end":{"line":4,"column":33}}],"line":4},"3":{"loc":{"start":{"line":7,"column":32},"end":{"line":7,"column":115}},"type":"cond-expr","locations":[{"start":{"line":7,"column":46},"end":{"line":7,"column":67}},{"start":{"line":7,"column":70},"end":{"line":7,"column":115}}],"line":7},"4":{"loc":{"start":{"line":8,"column":51},"end":{"line":8,"column":67}},"type":"binary-expr","locations":[{"start":{"line":8,"column":51},"end":{"line":8,"column":61}},{"start":{"line":8,"column":65},"end":{"line":8,"column":67}}],"line":8},"5":{"loc":{"start":{"line":11,"column":22},"end":{"line":13,"column":1}},"type":"binary-expr","locations":[{"start":{"line":11,"column":23},"end":{"line":11,"column":27}},{"start":{"line":11,"column":31},"end":{"line":11,"column":51}},{"start":{"line":11,"column":56},"end":{"line":13,"column":1}}],"line":11},"6":{"loc":{"start":{"line":12,"column":11},"end":{"line":12,"column":61}},"type":"cond-expr","locations":[{"start":{"line":12,"column":37},"end":{"line":12,"column":40}},{"start":{"line":12,"column":43},"end":{"line":12,"column":61}}],"line":12},"7":{"loc":{"start":{"line":12,"column":12},"end":{"line":12,"column":33}},"type":"binary-expr","locations":[{"start":{"line":12,"column":12},"end":{"line":12,"column":15}},{"start":{"line":12,"column":19},"end":{"line":12,"column":33}}],"line":12},"8":{"loc":{"start":{"line":41,"column":12},"end":{"line":48,"column":13}},"type":"if","locations":[{"start":{"line":41,"column":12},"end":{"line":48,"column":13}},{"start":{},"end":{}}],"line":41},"9":{"loc":{"start":{"line":41,"column":16},"end":{"line":41,"column":86}},"type":"binary-expr","locations":[{"start":{"line":41,"column":16},"end":{"line":41,"column":21}},{"start":{"line":41,"column":25},"end":{"line":41,"column":52}},{"start":{"line":41,"column":56},"end":{"line":41,"column":86}}],"line":41},"10":{"loc":{"start":{"line":50,"column":12},"end":{"line":58,"column":13}},"type":"if","locations":[{"start":{"line":50,"column":12},"end":{"line":58,"column":13}},{"start":{},"end":{}}],"line":50},"11":{"loc":{"start":{"line":50,"column":16},"end":{"line":50,"column":100}},"type":"binary-expr","locations":[{"start":{"line":50,"column":16},"end":{"line":50,"column":21}},{"start":{"line":50,"column":25},"end":{"line":50,"column":58}},{"start":{"line":50,"column":62},"end":{"line":50,"column":100}}],"line":50},"12":{"loc":{"start":{"line":73,"column":16},"end":{"line":79,"column":17}},"type":"if","locations":[{"start":{"line":73,"column":16},"end":{"line":79,"column":17}},{"start":{"line":76,"column":21},"end":{"line":79,"column":17}}],"line":73},"13":{"loc":{"start":{"line":76,"column":21},"end":{"line":79,"column":17}},"type":"if","locations":[{"start":{"line":76,"column":21},"end":{"line":79,"column":17}},{"start":{},"end":{}}],"line":76},"14":{"loc":{"start":{"line":82,"column":12},"end":{"line":84,"column":13}},"type":"if","locations":[{"start":{"line":82,"column":12},"end":{"line":84,"column":13}},{"start":{},"end":{}}],"line":82}},"s":{"0":1,"1":5,"2":0,"3":5,"4":3,"5":3,"6":0,"7":2,"8":2,"9":0,"10":10,"11":5,"12":1,"13":2,"14":1,"15":1,"16":1,"17":1,"18":1,"19":2,"20":2,"21":2,"22":2,"23":16,"24":2,"25":16,"26":2,"27":3,"28":3,"29":3,"30":3,"31":3,"32":3,"33":3,"34":2,"35":2,"36":2,"37":3,"38":3,"39":0,"40":0,"41":0,"42":3,"43":3,"44":3,"45":3,"46":3,"47":2,"48":2,"49":0,"50":0,"51":3,"52":2,"53":1,"54":1},"f":{"0":5,"1":5,"2":0,"3":5,"4":3,"5":2,"6":10,"7":2,"8":2,"9":2,"10":16,"11":16,"12":3,"13":3,"14":0},"b":{"0":[1,1,1],"1":[5,0],"2":[5,5],"3":[5,5],"4":[5,5],"5":[1,1,1],"6":[2,0],"7":[2,2],"8":[2,1],"9":[3,3,2],"10":[0,3],"11":[3,3,0],"12":[2,0],"13":[0,0],"14":[2,1]},"inputSourceMap":null,"_coverageSchema":"1a1c01bbd47fc00a2c39e90264f33305004495a9","hash":"efa7abb1223c55d4aac69877a159986023417174"}
,"C:\\Users\\ismai\\alba_corp_backend\\lib\\src\\interfaces\\controllers\\ImageController.js": {"path":"C:\\Users\\ismai\\alba_corp_backend\\lib\\src\\interfaces\\controllers\\ImageController.js","statementMap":{"0":{"start":{"line":2,"column":16},"end":{"line":10,"column":1}},"1":{"start":{"line":3,"column":28},"end":{"line":3,"column":110}},"2":{"start":{"line":3,"column":91},"end":{"line":3,"column":106}},"3":{"start":{"line":4,"column":4},"end":{"line":9,"column":7}},"4":{"start":{"line":5,"column":36},"end":{"line":5,"column":97}},"5":{"start":{"line":5,"column":42},"end":{"line":5,"column":70}},"6":{"start":{"line":5,"column":85},"end":{"line":5,"column":95}},"7":{"start":{"line":6,"column":35},"end":{"line":6,"column":100}},"8":{"start":{"line":6,"column":41},"end":{"line":6,"column":73}},"9":{"start":{"line":6,"column":88},"end":{"line":6,"column":98}},"10":{"start":{"line":7,"column":32},"end":{"line":7,"column":116}},"11":{"start":{"line":8,"column":8},"end":{"line":8,"column":78}},"12":{"start":{"line":11,"column":22},"end":{"line":13,"column":1}},"13":{"start":{"line":12,"column":4},"end":{"line":12,"column":62}},"14":{"start":{"line":14,"column":0},"end":{"line":14,"column":62}},"15":{"start":{"line":15,"column":24},"end":{"line":15,"column":99}},"16":{"start":{"line":16,"column":0},"end":{"line":48,"column":2}},"17":{"start":{"line":18,"column":8},"end":{"line":40,"column":11}},"18":{"start":{"line":19,"column":35},"end":{"line":19,"column":57}},"19":{"start":{"line":21,"column":26},"end":{"line":21,"column":44}},"20":{"start":{"line":22,"column":31},"end":{"line":22,"column":57}},"21":{"start":{"line":23,"column":12},"end":{"line":23,"column":35}},"22":{"start":{"line":26,"column":12},"end":{"line":31,"column":13}},"23":{"start":{"line":27,"column":16},"end":{"line":27,"column":110}},"24":{"start":{"line":30,"column":16},"end":{"line":30,"column":33}},"25":{"start":{"line":33,"column":12},"end":{"line":35,"column":13}},"26":{"start":{"line":34,"column":16},"end":{"line":34,"column":88}},"27":{"start":{"line":36,"column":27},"end":{"line":38,"column":13}},"28":{"start":{"line":39,"column":12},"end":{"line":39,"column":41}},"29":{"start":{"line":43,"column":8},"end":{"line":46,"column":11}},"30":{"start":{"line":44,"column":35},"end":{"line":44,"column":57}},"31":{"start":{"line":45,"column":12},"end":{"line":45,"column":99}}},"fnMap":{"0":{"name":"(anonymous_0)","decl":{"start":{"line":2,"column":44},"end":{"line":2,"column":45}},"loc":{"start":{"line":2,"column":89},"end":{"line":10,"column":1}},"line":2},"1":{"name":"adopt","decl":{"start":{"line":3,"column":13},"end":{"line":3,"column":18}},"loc":{"start":{"line":3,"column":26},"end":{"line":3,"column":112}},"line":3},"2":{"name":"(anonymous_2)","decl":{"start":{"line":3,"column":70},"end":{"line":3,"column":71}},"loc":{"start":{"line":3,"column":89},"end":{"line":3,"column":108}},"line":3},"3":{"name":"(anonymous_3)","decl":{"start":{"line":4,"column":36},"end":{"line":4,"column":37}},"loc":{"start":{"line":4,"column":63},"end":{"line":9,"column":5}},"line":4},"4":{"name":"fulfilled","decl":{"start":{"line":5,"column":17},"end":{"line":5,"column":26}},"loc":{"start":{"line":5,"column":34},"end":{"line":5,"column":99}},"line":5},"5":{"name":"rejected","decl":{"start":{"line":6,"column":17},"end":{"line":6,"column":25}},"loc":{"start":{"line":6,"column":33},"end":{"line":6,"column":102}},"line":6},"6":{"name":"step","decl":{"start":{"line":7,"column":17},"end":{"line":7,"column":21}},"loc":{"start":{"line":7,"column":30},"end":{"line":7,"column":118}},"line":7},"7":{"name":"(anonymous_7)","decl":{"start":{"line":11,"column":56},"end":{"line":11,"column":57}},"loc":{"start":{"line":11,"column":71},"end":{"line":13,"column":1}},"line":11},"8":{"name":"(anonymous_8)","decl":{"start":{"line":17,"column":4},"end":{"line":17,"column":5}},"loc":{"start":{"line":17,"column":42},"end":{"line":41,"column":5}},"line":17},"9":{"name":"(anonymous_9)","decl":{"start":{"line":18,"column":47},"end":{"line":18,"column":48}},"loc":{"start":{"line":18,"column":60},"end":{"line":40,"column":9}},"line":18},"10":{"name":"(anonymous_10)","decl":{"start":{"line":42,"column":4},"end":{"line":42,"column":5}},"loc":{"start":{"line":42,"column":32},"end":{"line":47,"column":5}},"line":42},"11":{"name":"(anonymous_11)","decl":{"start":{"line":43,"column":47},"end":{"line":43,"column":48}},"loc":{"start":{"line":43,"column":60},"end":{"line":46,"column":9}},"line":43}},"branchMap":{"0":{"loc":{"start":{"line":2,"column":16},"end":{"line":10,"column":1}},"type":"binary-expr","locations":[{"start":{"line":2,"column":17},"end":{"line":2,"column":21}},{"start":{"line":2,"column":25},"end":{"line":2,"column":39}},{"start":{"line":2,"column":44},"end":{"line":10,"column":1}}],"line":2},"1":{"loc":{"start":{"line":3,"column":35},"end":{"line":3,"column":109}},"type":"cond-expr","locations":[{"start":{"line":3,"column":56},"end":{"line":3,"column":61}},{"start":{"line":3,"column":64},"end":{"line":3,"column":109}}],"line":3},"2":{"loc":{"start":{"line":4,"column":16},"end":{"line":4,"column":34}},"type":"binary-expr","locations":[{"start":{"line":4,"column":16},"end":{"line":4,"column":17}},{"start":{"line":4,"column":22},"end":{"line":4,"column":33}}],"line":4},"3":{"loc":{"start":{"line":7,"column":32},"end":{"line":7,"column":115}},"type":"cond-expr","locations":[{"start":{"line":7,"column":46},"end":{"line":7,"column":67}},{"start":{"line":7,"column":70},"end":{"line":7,"column":115}}],"line":7},"4":{"loc":{"start":{"line":8,"column":51},"end":{"line":8,"column":67}},"type":"binary-expr","locations":[{"start":{"line":8,"column":51},"end":{"line":8,"column":61}},{"start":{"line":8,"column":65},"end":{"line":8,"column":67}}],"line":8},"5":{"loc":{"start":{"line":11,"column":22},"end":{"line":13,"column":1}},"type":"binary-expr","locations":[{"start":{"line":11,"column":23},"end":{"line":11,"column":27}},{"start":{"line":11,"column":31},"end":{"line":11,"column":51}},{"start":{"line":11,"column":56},"end":{"line":13,"column":1}}],"line":11},"6":{"loc":{"start":{"line":12,"column":11},"end":{"line":12,"column":61}},"type":"cond-expr","locations":[{"start":{"line":12,"column":37},"end":{"line":12,"column":40}},{"start":{"line":12,"column":43},"end":{"line":12,"column":61}}],"line":12},"7":{"loc":{"start":{"line":12,"column":12},"end":{"line":12,"column":33}},"type":"binary-expr","locations":[{"start":{"line":12,"column":12},"end":{"line":12,"column":15}},{"start":{"line":12,"column":19},"end":{"line":12,"column":33}}],"line":12},"8":{"loc":{"start":{"line":33,"column":12},"end":{"line":35,"column":13}},"type":"if","locations":[{"start":{"line":33,"column":12},"end":{"line":35,"column":13}},{"start":{},"end":{}}],"line":33}},"s":{"0":1,"1":0,"2":0,"3":0,"4":0,"5":0,"6":0,"7":0,"8":0,"9":0,"10":0,"11":0,"12":1,"13":1,"14":1,"15":1,"16":1,"17":0,"18":0,"19":0,"20":0,"21":0,"22":0,"23":0,"24":0,"25":0,"26":0,"27":0,"28":0,"29":0,"30":0,"31":0},"f":{"0":0,"1":0,"2":0,"3":0,"4":0,"5":0,"6":0,"7":1,"8":0,"9":0,"10":0,"11":0},"b":{"0":[1,1,1],"1":[0,0],"2":[0,0],"3":[0,0],"4":[0,0],"5":[1,1,1],"6":[1,0],"7":[1,1],"8":[0,0]},"inputSourceMap":null,"_coverageSchema":"1a1c01bbd47fc00a2c39e90264f33305004495a9","hash":"3d037537ed3a68d0d354e7cf1a64c06b918d0d08"}
,"C:\\Users\\ismai\\alba_corp_backend\\lib\\src\\interfaces\\middlewares\\AuthenticationMiddleware.js": {"path":"C:\\Users\\ismai\\alba_corp_backend\\lib\\src\\interfaces\\middlewares\\AuthenticationMiddleware.js","statementMap":{"0":{"start":{"line":2,"column":16},"end":{"line":10,"column":1}},"1":{"start":{"line":3,"column":28},"end":{"line":3,"column":110}},"2":{"start":{"line":3,"column":91},"end":{"line":3,"column":106}},"3":{"start":{"line":4,"column":4},"end":{"line":9,"column":7}},"4":{"start":{"line":5,"column":36},"end":{"line":5,"column":97}},"5":{"start":{"line":5,"column":42},"end":{"line":5,"column":70}},"6":{"start":{"line":5,"column":85},"end":{"line":5,"column":95}},"7":{"start":{"line":6,"column":35},"end":{"line":6,"column":100}},"8":{"start":{"line":6,"column":41},"end":{"line":6,"column":73}},"9":{"start":{"line":6,"column":88},"end":{"line":6,"column":98}},"10":{"start":{"line":7,"column":32},"end":{"line":7,"column":116}},"11":{"start":{"line":8,"column":8},"end":{"line":8,"column":78}},"12":{"start":{"line":11,"column":22},"end":{"line":13,"column":1}},"13":{"start":{"line":12,"column":4},"end":{"line":12,"column":62}},"14":{"start":{"line":14,"column":0},"end":{"line":14,"column":62}},"15":{"start":{"line":15,"column":22},"end":{"line":15,"column":95}},"16":{"start":{"line":16,"column":0},"end":{"line":44,"column":3}},"17":{"start":{"line":16,"column":70},"end":{"line":44,"column":2}},"18":{"start":{"line":16,"column":99},"end":{"line":44,"column":2}},"19":{"start":{"line":18,"column":27},"end":{"line":18,"column":49}},"20":{"start":{"line":20,"column":32},"end":{"line":20,"column":61}},"21":{"start":{"line":21,"column":4},"end":{"line":42,"column":5}},"22":{"start":{"line":22,"column":8},"end":{"line":24,"column":9}},"23":{"start":{"line":23,"column":12},"end":{"line":23,"column":77}},"24":{"start":{"line":25,"column":28},"end":{"line":25,"column":89}},"25":{"start":{"line":27,"column":35},"end":{"line":27,"column":96}},"26":{"start":{"line":28,"column":27},"end":{"line":28,"column":54}},"27":{"start":{"line":29,"column":8},"end":{"line":31,"column":9}},"28":{"start":{"line":30,"column":12},"end":{"line":30,"column":77}},"29":{"start":{"line":32,"column":8},"end":{"line":34,"column":9}},"30":{"start":{"line":33,"column":12},"end":{"line":33,"column":94}},"31":{"start":{"line":37,"column":8},"end":{"line":39,"column":9}},"32":{"start":{"line":38,"column":12},"end":{"line":38,"column":37}},"33":{"start":{"line":40,"column":8},"end":{"line":41,"column":77}},"34":{"start":{"line":41,"column":12},"end":{"line":41,"column":77}},"35":{"start":{"line":43,"column":4},"end":{"line":43,"column"
[...]
,"C:\\Users\\ismai\\alba_corp_backend\\src\\infrastructure\\webserver\\server\\app.ts": {"path":"C:\\Users\\ismai\\alba_corp_backend\\src\\infrastructure\\webserver\\server\\app.ts","statementMap":{"0":{"start":{"line":1,"column":0},"end":{"line":1,"column":30}},"1":{"start":{"line":2,"column":0},"end":{"line":2,"column":58}},"2":{"start":{"line":3,"column":0},"end":{"line":3,"column":40}},"3":{"start":{"line":4,"column":0},"end":{"line":4,"column":37}},"4":{"start":{"line":6,"column":12},"end":{"line":6,"column":21}},"5":{"start":{"line":7,"column":15},"end":{"line":7,"column":31}},"6":{"start":{"line":10,"column":2},"end":{"line":10,"column":50}},"7":{"start":{"line":12,"column":2},"end":{"line":12,"column":43}},"8":{"start":{"line":13,"column":2},"end":{"line":13,"column":46}},"9":{"start":{"line":14,"column":2},"end":{"line":14,"column":34}},"10":{"start":{"line":16,"column":2},"end":{"line":16,"column":52}},"11":{"start":{"line":17,"column":0},"end":{"line":17,"column":null}},"12":{"start":{"line":18,"column":0},"end":{"line":18,"column":16}},"13":{"start":{"line":21,"column":0},"end":{"line":21,"column":19}}},"fnMap":{},"branchMap":{},"s":{"0":1,"1":1,"2":1,"3":1,"4":1,"5":1,"6":1,"7":1,"8":1,"9":1,"10":1,"11":1,"12":1,"13":1},"f":{},"b":{}}
,"C:\\Users\\ismai\\alba_corp_backend\\src\\interfaces\\controllers\\BlogPostController.ts": {"path":"C:\\Users\\ismai\\alba_corp_backend\\src\\interfaces\\controllers\\BlogPostController.ts","statementMap":{"0":{"start":{"line":2,"column":0},"end":{"line":2,"column":38}},"1":{"start":{"line":3,"column":0},"end":{"line":3,"column":79}},"2":{"start":{"line":4,"column":0},"end":{"line":4,"column":82}},"3":{"start":{"line":9,"column":0},"end":{"line":97,"column":2}},"4":{"start":{"line":14,"column":43},"end":{"line":14,"column":66}},"5":{"start":{"line":17,"column":22},"end":{"line":17,"column":56}},"6":{"start":{"line":19,"column":4},"end":{"line":19,"column":null}},"7":{"start":{"line":19,"column":34},"end":{"line":19,"column":52}},"8":{"start":{"line":22,"column":19},"end":{"line":23,"column":105}},"9":{"start":{"line":23,"column":35},"end":{"line":23,"column":104}},"10":{"start":{"line":24,"column":4},"end":{"line":24,"column":33}},"11":{"start":{"line":30,"column":43},"end":{"line":30,"column":66}},"12":{"start":{"line":33,"column":15},"end":{"line":33,"column":27}},"13":{"start":{"line":34,"column":46},"end":{"line":34,"column":48}},"14":{"start":{"line":37,"column":20},"end":{"line":37,"column":null}},"15":{"start":{"line":41,"column":39},"end":{"line":41,"column":48}},"16":{"start":{"line":42,"column":4},"end":{"line":50,"column":null}},"17":{"start":{"line":43,"column":24},"end":{"line":43,"column":46}},"18":{"start":{"line":44,"column":6},"end":{"line":44,"column":38}},"19":{"start":{"line":45,"column":6},"end":{"line":49,"column":null}},"20":{"start":{"line":52,"column":50},"end":{"line":52,"column":59}},"21":{"start":{"line":53,"column":4},"end":{"line":60,"column":null}},"22":{"start":{"line":54,"column":6},"end":{"line":59,"column":32}},"23":{"start":{"line":55,"column":8},"end":{"line":58,"column":11}},"24":{"start":{"line":59,"column":8},"end":{"line":59,"column":29}},"25":{"start":{"line":63,"column":4},"end":{"line":69,"column":6}},"26":{"start":{"line":72,"column":19},"end":{"line":72,"column":23}},"27":{"start":{"line":73,"column":16},"end":{"line":73,"column":20}},"28":{"start":{"line":75,"column":4},"end":{"line":86,"column":null}},"29":{"start":{"line":78,"column":6},"end":{"line":78,"column":62}},"30":{"start":{"line":80,"column":6},"end":{"line":85,"column":null}},"31":{"start":{"line":81,"column":8},"end":{"line":81,"column":39}},"32":{"start":{"line":82,"column":13},"end":{"line":85,"column":null}},"33":{"start":{"line":84,"column":8},"end":{"line":84,"column":28}},"34":{"start":{"line":89,"column":4},"end":{"line":91,"column":null}},"35":{"start":{"line":90,"column":6},"end":{"line":90,"column":59}},"36":{"start":{"line":92,"column":19},"end":{"line":92,"column":88}},"37":{"start":{"line":93,"column":4},"end":{"line":93,"column":45}}},"fnMap":{"0":{"name":"(anonymous_8)","decl":{"start":{"line":11,"column":8},"end":{"line":11,"column":23}},"loc":{"start":{"line":11,"column":60},"end":{"line":25,"column":null}}},"1":{"name":"(anonymous_10)","decl":{"start":{"line":19,"column":22},"end":{"line":19,"column":23}},"loc":{"start":{"line":19,"column":31},"end":{"line":19,"column":53}}},"2":{"name":"(anonymous_11)","decl":{"start":{"line":23,"column":11},"end":{"line":23,"column":12}},"loc":{"start":{"line":23,"column":35},"end":{"line":23,"column":104}}},"3":{"name":"(anonymous_12)","decl":{"start":{"line":28,"column":8},"end":{"line":28,"column":22}},"loc":{"start":{"line":28,"column":59},"end":{"line":94,"column":null}}},"4":{"name":"(anonymous_14)","decl":{"start":{"line":54,"column":57},"end":{"line":54,"column":58}},"loc":{"start":{"line":54,"column":65},"end":{"line":59,"column":30}}}},"branchMap":{"0":{"loc":{"start":{"line":42,"column":4},"end":{"line":50,"column":null}},"type":"if","locations":[{"start":{"line":42,"column":4},"end":{"line":50,"column":null}}]},"1":{"loc":{"start":{"line":42,"column":7},"end":{"line":42,"column":75}},"type":"binary-expr","locations":[{"start":{"line":42,"column":7},"end":{"line":42,"column":12}},{"start":{"line":42,"column":16},"end":{"line":42,"column":43}},{"start":{"line":42,"column":46},"end":{"line":42,"column":75}}]},"2":{"loc":{"start":{"line":53,"column":4},"end":{"line":60,"column":null}},"type":"if","locations":[{"start":{"line":53,"column":4},"end":{"line":60,"column":null}}]},"3":{"loc":{"start":{"line":53,"column":8},"end":{"line":53,"column":92}},"type":"binary-expr","locations":[{"start":{"line":53,"column":8},"end":{"line":53,"column":13}},{"start":{"line":53,"column":17},"end":{"line":53,"column":50}},{"start":{"line":53,"column":54},"end":{"line":53,"column":92}}]},"4":{"loc":{"start":{"line":80,"column":6},"end":{"line":85,"column":null}},"type":"if","locations":[{"start":{"line":80,"column":6},"end":{"line":85,"column":null}},{"start":{"line":82,"column":13},"end":{"line":85,"column":null}}]},"5":{"loc":{"start":{"line":82,"column":13},"end":{"line":85,"column":null}},"type":"if","locations":[{"start":{"line":82,"column":13},"end":{"line":85,"column":null}}]},"6":{"loc":{"start":{"line":89,"column":4},"end":{"line":91,"column":null}},"type":"if","locations":[{"start":{"line":89,"column":4},"end":{"line":91,"column":null}}]}},"s":{"0":1,"1":1,"2":1,"3":1,"4":2,"5":2,"6":2,"7":29,"8":2,"9":29,"10":2,"11":3,"12":3,"13":3,"14":3,"15":3,"16":3,"17":2,"18":2,"19":2,"20":3,"21":3,"22":0,"23":0,"24":0,"25":3,"26":3,"27":3,"28":3,"29":3,"30":2,"31":2,"32":0,"33":0,"34":3,"35":2,"36":1,"37":1},"f":{"0":2,"1":29,"2":29,"3":3,"4":0},"b":{"0":[2],"1":[3,3,2],"2":[0],"3":[3,3,0],"4":[2,0],"5":[0],"6":[2]}}
,"C:\\Users\\ismai\\alba_corp_backend\\src\\interfaces\\controllers\\ImageController.ts": {"path":"C:\\Users\\ismai\\alba_corp_backend\\src\\interfaces\\controllers\\ImageController.ts","statementMap":{"0":{"start":{"line":3,"column":0},"end":{"line":3,"column":77}},"1":{"start":{"line":5,"column":0},"end":{"line":37,"column":null}},"2":{"start":{"line":7,"column":31},"end":{"line":7,"column":54}},"3":{"start":{"line":10,"column":18},"end":{"line":10,"column":36}},"4":{"start":{"line":11,"column":23},"end":{"line":11,"column":47}},"5":{"start":{"line":12,"column":4},"end":{"line":12,"column":27}},"6":{"start":{"line":15,"column":4},"end":{"line":19,"column":null}},"7":{"start":{"line":16,"column":7},"end":{"line":16,"column":83}},"8":{"start":{"line":18,"column":6},"end":{"line":18,"column":23}},"9":{"start":{"line":21,"column":4},"end":{"line":23,"column":null}},"10":{"start":{"line":22,"column":6},"end":{"line":22,"column":78}},"11":{"start":{"line":24,"column":19},"end":{"line":26,"column":6}},"12":{"start":{"line":27,"column":4},"end":{"line":27,"column":33}},"13":{"start":{"line":31,"column":31},"end":{"line":31,"column":54}},"14":{"start":{"line":33,"column":8},"end":{"line":33,"column":95}}},"fnMap":{"0":{"name":"(anonymous_8)","decl":{"start":{"line":6,"column":10},"end":{"line":6,"column":28}},"loc":{"start":{"line":6,"column":65},"end":{"line":28,"column":null}}},"1":{"name":"(anonymous_10)","decl":{"start":{"line":30,"column":10},"end":{"line":30,"column":18}},"loc":{"start":{"line":30,"column":55},"end":{"line":36,"column":null}}}},"branchMap":{"0":{"loc":{"start":{"line":21,"column":4},"end":{"line":23,"column":null}},"type":"if","locations":[{"start":{"line":21,"column":4},"end":{"line":23,"column":null}}]}},"s":{"0":1,"1":1,"2":0,"3":0,"4":0,"5":0,"6":0,"7":0,"8":0,"9":0,"10":0,"11":0,"12":0,"13":0,"14":0},"f":{"0":0,"1":0},"b":{"0":[0]}}
,"C:\\Users\\ismai\\alba_corp_backend\\src\\interfaces\\middlewares\\AuthenticationMiddleware.ts": {"path":"C:\\Users\\ismai\\alba_corp_backend\\src\\interfaces\\middlewares\\AuthenticationMiddleware.ts","statementMap":{"0":{"start":{"line":2,"column":0},"end":{"line":2,"column":78}},"1":{"start":{"line":4,"column":0},"end":{"line":35,"column":2}},"2":{"start":{"line":4,"column":93},"end":{"line":35,"column":2}},"3":{"start":{"line":4,"column":160},"end":{"line":35,"column":2}},"4":{"start":{"line":6,"column":25},"end":{"line":6,"column":48}},"5":{"start":{"line":9,"column":30},"end":{"line":9,"column":59}},"6":{"start":{"line":10,"column":2},"end":{"line":33,"column":null}},"7":{"start":{"line":11,"column":4},"end":{"line":13,"column":null}},"8":{"start":{"line":12,"column":6},"end":{"line":12,"column":71}},"9":{"start":{"line":14,"column":24},"end":{"line":14,"column":85}},"10":{"start":{"line":17,"column":30},"end":{"line":17,"column":82}},"11":{"start":{"line":18,"column":23},"end":{"line":18,"column":50}},"12":{"start":{"line":19,"column":4},"end":{"line":21,"column":null}},"13":{"start":{"line":20,"column":8},"end":{"line":20,"column":73}},"14":{"start":{"line":22,"column":4},"end":{"line":24,"column":null}},"15":{"start":{"line":23,"column":8},"end":{"line":23,"column":90}},"16":{"start":{"line":27,"column":4},"end":{"line":29,"column":null}},"17":{"start":{"line":28,"column":6},"end":{"line":28,"column":31}},"18":{"start":{"line":30,"column":4},"end":{"line":31,"column":71}},"19":{"start":{"line":31,"column":6},"end":{"line":31,"column":71}},"20":{"start":{"line":34,"column":2},"end":{"line":34,"column":16}}},"fnMap":{"0":{"name":"(anonymous_8)","decl":{"start":{"line":4,"column":16},"end":{"line":4,"column":17}},"loc":{"start":{"line":4,"column":93},"end":{"line":35,"column":2}}},"1":{"name":"(anonymous_9)","decl":{"start":{"line":4,"column":93},"end":{"line":4,"column":100}},"loc":{"start":{"line":4,"column":160},"end":{"line":35,"column":2}}},"2":{"name":"(anonymous_10)","decl":{"start":{"line":4,"column":160},"end":{"line":4,"column":null}},"loc":{"start":{"line":4,"column":160},"end":{"line":35,"column":1}}}},"branchMap":{"0":{"loc":{"start":{"line":4,"column":17},"end":{"line":4,"column":88}},"type":"default-arg","locations":[{"start":{"line":4,"column":67},"end":{"line":4,"column":88}}]},"1":{"loc":{"start":{"line":4,"column":19},"end":{"line":4,"column":37}},"type":"default-arg","locations":[{"start":{"line":4,"column":32},"end":{"line":4,"column":37}}]},"2":{"loc":{"start":{"line":11,"column":4},"end":{"line":13,"column":null}},"type":"if","locations":[{"start":{"line":11,"column":4},"end":{"line":13,"column":null}}]},"3":{"loc":{"start":{"line":11,"column":8},"end":{"line":11,"column":74}},"type":"binary-expr","locations":[{"start":{"line":11,"column":8},"end":{"line":11,"column":28}},{"start":{"line":11,"column":32},"end":{"line":11,"column":74}}]},"4":{"loc":{"start":{"line":19,"column":4},"end":{"line":21,"column":null}},"type":"if","locations":[{"start":{"line":19,"column":4},"end":{"line":21,"column":null}}]},"5":{"loc":{"start":{"line":22,"column":4},"end":{"line":24,"column":null}},"type":"if","locations":[{"start":{"line":22,"column":4},"end":{"line":24,"column":null}}]},"6":{"loc":{"start":{"line":27,"column":4},"end":{"line":29,"column":null}},"type":"if","locations":[{"start":{"line":27,"column":4},"end":{"line":29,"column":null}}]},"7":{"loc":{"start":{"line":30,"column":4},"end":{"line":31,"column":71}},"type":"if","locations":[{"start":{"line":30,"column":4},"end":{"line":31,"column":71}}]}},"s":{"0":1,"1":1,"2":1,"3":0,"4":0,"5":0,"6":0,"7":0,"8":0,"9":0,"10":0,"11":0,"12":0,"13":0,"14":0,"15":0,"16":0,"17":0,"18":0,"19":0,"20":0},"f":{"0":1,"1":0,"2":0},"b":{"0":[1],"1":[0],"2":[0],"3":[0,0],"4":[0],"5":[0],"6":[0],"7":[0]}}
,"C:\\Users\\ismai\\alba_corp_backend\\src\\interfaces\\middlewares\\UploadMiddlewares.ts": {"path":"C:\\Users\\ismai\\alba_corp_backend\\src\\interfaces\\middlewares\\UploadMiddlewares.ts","statementMap":{"0":{"start":{"line":1,"column":0},"end":{"line":1,"column":28}},"1":{"start":{"line":2,"column":0},"end":{"line":2,"column":23}},"2":{"start":{"line":5,"column":13},"end":{"line":5,"column":23}},"3":{"start":{"line":8,"column":16},"end":{"line":17,"column":4}},"4":{"start":{"line":10,"column":6},"end":{"line":10,"column":null}},"5":{"start":{"line":13,"column":25},"end":{"line":13,"column":62}},"6":{"start":{"line":14,"column":27},"end":{"line":14,"column":77}},"7":{"start":{"line":15,"column":6},"end":{"line":15,"column":null}},"8":{"start":{"line":18,"column":17},"end":{"line":28,"column":11}},"9":{"start":{"line":19,"column":30},"end":{"line":19,"column":59}},"10":{"start":{"line":20,"column":12},"end":{"line":22,"column":null}},"11":{"start":{"line":21,"column":16},"end":{"line":21,"column":99}},"12":{"start":{"line":23,"column":12},"end":{"line":25,"column":null}},"13":{"start":{"line":24,"column":14},"end":{"line":24,"column":63}},"14":{"start":{"line":27,"column":12},"end":{"line":27,"column":null}},"15":{"start":{"line":31,"column":26},"end":{"line":32,"column":46}},"16":{"start":{"line":35,"column":0},"end":{"line":35,"column":32}}},"fnMap":{"0":{"name":"(anonymous_1)","decl":{"start":{"line":9,"column":17},"end":{"line":9,"column":27}},"loc":{"start":{"line":9,"column":40},"end":{"line":11,"column":5}}},"1":{"name":"(anonymous_2)","decl":{"start":{"line":12,"column":14},"end":{"line":12,"column":24}},"loc":{"start":{"line":12,"column":37},"end":{"line":16,"column":5}}},"2":{"name":"(anonymous_3)","decl":{"start":{"line":18,"column":79},"end":{"line":18,"column":89}},"loc":{"start":{"line":18,"column":102},"end":{"line":28,"column":9}}}},"branchMap":{"0":{"loc":{"start":{"line":13,"column":38},"end":{"line":13,"column":61}},"type":"cond-expr","locations":[{"start":{"line":13,"column":55},"end":{"line":13,"column":59}},{"start":{"line":13,"column":59},"end":{"line":13,"column":61}}]},"1":{"loc":{"start":{"line":13,"column":38},"end":{"line":13,"column":59}},"type":"binary-expr","locations":[{"start":{"line":13,"column":38},"end":{"line":13,"column":59}},{"start":{"line":13,"column":55},"end":{"line":13,"column":59}}]},"2":{"loc":{"start":{"line":20,"column":12},"end":{"line":22,"column":null}},"type":"if","locations":[{"start":{"line":20,"column":12},"end":{"line":22,"column":null}}]},"3":{"loc":{"start":{"line":23,"column":12},"end":{"line":25,"column":null}},"type":"if","locations":[{"start":{"line":23,"column":12},"end":{"line":25,"column":null}}]}},"s":{"0":1,"1":1,"2":1,"3":1,"4":3,"5":3,"6":3,"7":3,"8":1,"9":3,"10":3,"11":0,"12":3,"13":0,"14":3,"15":1,"16":1},"f":{"0":3,"1":3,"2":3},"b":{"0":[3,0],"1":[3,3],"2":[0],"3":[0]}}
,"C:\\Users\\ismai\\alba_corp_backend\\src\\interfaces\\routes\\blog_post.ts": {"path":"C:\\Users\\ismai\\alba_corp_backend\\src\\interfaces\\routes\\blog_post.ts","statementMap":{"0":{"start":{"line":1,"column":0},"end":{"line":1,"column":33}},"1":{"start":{"line":2,"column":0},"end":{"line":2,"column":67}},"2":{"start":{"line":3,"column":0},"end":{"line":3,"column":65}},"3":{"start":{"line":6,"column":15},"end":{"line":6,"column":23}},"4":{"start":{"line":8,"column":0},"end":{"line":8,"column":52}},"5":{"start":{"line":9,"column":0},"end":{"line":9,"column":70}},"6":{"start":{"line":11,"column":0},"end":{"line":11,"column":22}}},"fnMap":{},"branchMap":{},"s":{"0":1,"1":1,"2":1,"3":1,"4":1,"5":1,"6":1},"f":{},"b":{}}
,"C:\\Users\\ismai\\alba_corp_backend\\src\\interfaces\\routes\\image.ts": {"path":"C:\\Users\\ismai\\alba_corp_backend\\src\\interfaces\\routes\\image.ts","statementMap":{"0":{"start":{"line":1,"column":0},"end":{"line":1,"column":33}},"1":{"start":{"line":2,"column":0},"end":{"line":2,"column":61}},"2":{"start":{"line":3,"column":0},"end":{"line":3,"column":79}},"3":{"start":{"line":6,"column":15},"end":{"line":6,"column":23}},"4":{"start":{"line":8,"column":0},"end":{"line":8,"column":66}},"5":{"start":{"line":9,"column":0},"end":{"line":9,"column":77}},"6":{"start":{"line":11,"column":0},"end":{"line":11,"column":22}}},"fnMap":{},"branchMap":{},"s":{"0":1,"1":1,"2":1,"3":1,"4":1,"5":1,"6":1},"f":{},"b":{}}
,"C:\\Users\\ismai\\alba_corp_backend\\src\\interfaces\\serializers\\BlogPostSerializer.ts": {"path":"C:\\Users\\ismai\\alba_corp_backend\\src\\interfaces\\serializers\\BlogPostSerializer.ts","statementMap":{"0":{"start":{"line":3,"column":0},"end":{"line":3,"column":38}},"1":{"start":{"line":7,"column":16},"end":{"line":7,"column":56}},"2":{"start":{"line":8,"column":21},"end":{"line":16,"column":6}},"3":{"start":{"line":17,"column":4},"end":{"line":17,"column":20}},"4":{"start":{"line":5,"column":0},"end":{"line":5,"column":21}}},"fnMap":{"0":{"name":"(anonymous_1)","decl":{"start":{"line":6,"column":2},"end":{"line":6,"column":24}},"loc":{"start":{"line":6,"column":73},"end":{"line":18,"column":3}}}},"branchMap":{"0":{"loc":{"start":{"line":14,"column":27},"end":{"line":14,"column":87}},"type":"cond-expr","locations":[{"start":{"line":14,"column":53},"end":{"line":14,"column":76}},{"start":{"line":14,"column":78},"end":{"line":14,"column":87}}]}},"s":{"0":1,"1":30,"2":30,"3":30,"4":1},"f":{"0":30},"b":{"0":[2,28]}}
,"C:\\Users\\ismai\\alba_corp_backend\\src\\interfaces\\serializers\\Serializer.ts": {"path":"C:\\Users\\ismai\\alba_corp_backend\\src\\interfaces\\serializers\\Serializer.ts","statementMap":{"0":{"start":{"line":5,"column":4},"end":{"line":7,"column":null}},"1":{"start":{"line":6,"column":6},"end":{"line":6,"column":66}},"2":{"start":{"line":8,"column":4},"end":{"line":10,"column":null}},"3":{"start":{"line":9,"column":6},"end":{"line":9,"column":87}},"4":{"start":{"line":9,"column":34},"end":{"line":9,"column":85}},"5":{"start":{"line":11,"column":4},"end":{"line":11,"column":61}},"6":{"start":{"line":3,"column":0},"end":{"line":3,"column":30}}},"fnMap":{"0":{"name":"(anonymous_0)","decl":{"start":{"line":4,"column":2},"end":{"line":4,"column":11}},"loc":{"start":{"line":4,"column":61},"end":{"line":12,"column":3}}},"1":{"name":"(anonymous_1)","decl":{"start":{"line":9,"column":22},"end":{"line":9,"column":23}},"loc":{"start":{"line":9,"column":34},"end":{"line":9,"column":85}}}},"branchMap":{"0":{"loc":{"start":{"line":5,"column":4},"end":{"line":7,"column":null}},"type":"if","locations":[{"start":{"line":5,"column":4},"end":{"line":7,"column":null}}]},"1":{"loc":{"start":{"line":8,"column":4},"end":{"line":10,"column":null}},"type":"if","locations":[{"start":{"line":8,"column":4},"end":{"line":10,"column":null}}]}},"s":{"0":30,"1":0,"2":30,"3":0,"4":0,"5":30,"6":1},"f":{"0":30,"1":0},"b":{"0":[0],"1":[0]}}
}
