TN:
SF:lib\src\application\use_cases\blog_post\CreateBlogPost.js
FN:2,(anonymous_0)
FN:3,adopt
FN:3,(anonymous_2)
FN:4,(anonymous_3)
FN:5,fulfilled
FN:6,rejected
FN:7,step
FN:11,(anonymous_7)
FN:17,(anonymous_8)
FN:17,(anonymous_9)
FNF:10
FNH:9
FNDA:1,(anonymous_0)
FNDA:2,adopt
FNDA:0,(anonymous_2)
FNDA:1,(anonymous_3)
FNDA:1,fulfilled
FNDA:1,rejected
FNDA:2,step
FNDA:4,(anonymous_7)
FNDA:1,(anonymous_8)
FNDA:1,(anonymous_9)
DA:2,2
DA:3,2
DA:4,1
DA:5,1
DA:6,1
DA:7,2
DA:8,1
DA:11,2
DA:12,4
DA:14,2
DA:15,2
DA:16,2
DA:17,2
DA:18,1
DA:19,1
DA:22,1
DA:23,0
DA:29,0
LF:18
LH:16
BRDA:2,0,0,2
BRDA:2,0,1,2
BRDA:2,0,2,2
BRDA:3,1,0,2
BRDA:3,1,1,0
BRDA:4,2,0,1
BRDA:4,2,1,1
BRDA:7,3,0,0
BRDA:7,3,1,2
BRDA:8,4,0,1
BRDA:8,4,1,1
BRDA:11,5,0,2
BRDA:11,5,1,2
BRDA:11,5,2,2
BRDA:12,6,0,4
BRDA:12,6,1,0
BRDA:12,7,0,4
BRDA:12,7,1,4
BRDA:18,8,0,1
BRDA:18,8,1,0
BRF:20
BRH:16
end_of_record
TN:
SF:lib\src\application\use_cases\blog_post\ListBlogPosts.js
FN:2,(anonymous_0)
FN:3,adopt
FN:3,(anonymous_2)
FN:4,(anonymous_3)
FN:5,fulfilled
FN:6,rejected
FN:7,step
FN:12,(anonymous_7)
FN:12,(anonymous_8)
FNF:9
FNH:5
FNDA:1,(anonymous_0)
FNDA:0,adopt
FNDA:0,(anonymous_2)
FNDA:1,(anonymous_3)
FNDA:0,fulfilled
FNDA:0,rejected
FNDA:1,step
FNDA:1,(anonymous_7)
FNDA:1,(anonymous_8)
DA:2,2
DA:3,0
DA:4,1
DA:5,0
DA:6,0
DA:7,1
DA:8,1
DA:11,2
DA:12,2
LF:9
LH:6
BRDA:2,0,0,2
BRDA:2,0,1,2
BRDA:2,0,2,2
BRDA:3,1,0,0
BRDA:3,1,1,0
BRDA:4,2,0,1
BRDA:4,2,1,1
BRDA:7,3,0,1
BRDA:7,3,1,0
BRDA:8,4,0,1
BRDA:8,4,1,1
BRF:11
BRH:8
end_of_record
TN:
SF:lib\src\application\use_cases\image\GenerateToken.js
FN:2,(anonymous_0)
FN:3,adopt
FN:3,(anonymous_2)
FN:4,(anonymous_3)
FN:5,fulfilled
FN:6,rejected
FN:7,step
FN:12,(anonymous_7)
FN:12,(anonymous_8)
FNF:9
FNH:5
FNDA:1,(anonymous_0)
FNDA:0,adopt
FNDA:0,(anonymous_2)
FNDA:1,(anonymous_3)
FNDA:0,fulfilled
FNDA:0,rejected
FNDA:1,step
FNDA:1,(anonymous_7)
FNDA:1,(anonymous_8)
DA:2,2
DA:3,0
DA:4,1
DA:5,0
DA:6,0
DA:7,1
DA:8,1
DA:11,2
DA:12,2
LF:9
LH:6
BRDA:2,0,0,2
BRDA:2,0,1,2
BRDA:2,0,2,2
BRDA:3,1,0,0
BRDA:3,1,1,0
BRDA:4,2,0,1
BRDA:4,2,1,1
BRDA:7,3,0,1
BRDA:7,3,1,0
BRDA:8,4,0,1
BRDA:8,4,1,1
BRF:11
BRH:8
end_of_record
TN:
SF:lib\src\application\use_cases\image\VerifyToken.js
FN:2,(anonymous_0)
FN:3,adopt
FN:3,(anonymous_2)
FN:4,(anonymous_3)
FN:5,fulfilled
FN:6,rejected
FN:7,step
FN:12,(anonymous_7)
FN:12,(anonymous_8)
FNF:9
FNH:7
FNDA:1,(anonymous_0)
FNDA:1,adopt
FNDA:0,(anonymous_2)
FNDA:1,(anonymous_3)
FNDA:1,fulfilled
FNDA:0,rejected
FNDA:2,step
FNDA:1,(anonymous_7)
FNDA:1,(anonymous_8)
DA:2,2
DA:3,1
DA:4,1
DA:5,1
DA:6,0
DA:7,2
DA:8,1
DA:11,2
DA:12,2
DA:13,1
DA:14,1
DA:15,0
DA:17,1
DA:18,1
DA:19,1
LF:15
LH:13
BRDA:2,0,0,2
BRDA:2,0,1,2
BRDA:2,0,2,2
BRDA:3,1,0,1
BRDA:3,1,1,0
BRDA:4,2,0,1
BRDA:4,2,1,1
BRDA:7,3,0,1
BRDA:7,3,1,1
BRDA:8,4,0,1
BRDA:8,4,1,1
BRDA:14,5,0,0
BRDA:14,5,1,1
BRF:13
BRH:11
end_of_record
TN:
SF:lib\src\domain\entities\BlogPost.js
FN:2,(anonymous_0)
FN:8,(anonymous_1)
FNF:2
FNH:2
FNDA:2,(anonymous_0)
FNDA:2,(anonymous_1)
DA:2,2
DA:3,2
DA:5,2
DA:6,2
DA:9,2
DA:10,2
DA:11,2
DA:12,2
DA:13,2
DA:14,2
DA:17,2
LF:11
LH:11
BRDA:2,0,0,2
BRDA:2,0,1,2
BRDA:2,0,2,2
BRDA:3,1,0,2
BRDA:3,1,1,0
BRDA:3,2,0,2
BRDA:3,2,1,2
BRF:7
BRH:6
end_of_record
TN:
SF:lib\src\domain\entities\Entity.js
FN:4,(anonymous_0)
FNF:1
FNH:1
FNDA:2,(anonymous_0)
DA:2,2
DA:5,2
DA:8,2
LF:3
LH:3
BRF:0
BRH:0
end_of_record
TN:
SF:lib\src\domain\validators\BlogPostValidator.js
FN:2,(anonymous_0)
FNF:1
FNH:1
FNDA:2,(anonymous_0)
DA:2,2
DA:3,2
DA:5,2
DA:6,2
DA:7,2
LF:5
LH:5
BRDA:2,0,0,2
BRDA:2,0,1,2
BRDA:2,0,2,2
BRDA:3,1,0,0
BRDA:3,1,1,2
BRDA:3,2,0,2
BRDA:3,2,1,2
BRF:7
BRH:6
end_of_record
TN:
SF:lib\src\infrastructure\config\environment.js
FN:3,(anonymous_0)
FNF:1
FNH:1
FNDA:2,(anonymous_0)
DA:2,2
DA:3,2
DA:4,2
DA:8,2
LF:4
LH:4
BRDA:5,0,0,2
BRDA:5,0,1,2
BRDA:6,1,0,2
BRDA:6,1,1,2
BRF:4
BRH:4
end_of_record
TN:
SF:lib\src\infrastructure\config\service-locator.js
FN:2,(anonymous_0)
FN:10,buildBeans
FNF:2
FNH:2
FNDA:8,(anonymous_0)
FNDA:2,buildBeans
DA:2,2
DA:3,8
DA:5,2
DA:6,2
DA:7,2
DA:8,2
DA:9,2
DA:11,2
DA:17,2
DA:19,2
LF:10
LH:10
BRDA:2,0,0,2
BRDA:2,0,1,2
BRDA:2,0,2,2
BRDA:3,1,0,8
BRDA:3,1,1,0
BRDA:3,2,0,8
BRDA:3,2,1,8
BRF:7
BRH:6
end_of_record
TN:
SF:lib\src\infrastructure\orm\json_file\json_file.js
FN:2,(anonymous_0)
FN:3,adopt
FN:3,(anonymous_2)
FN:4,(anonymous_3)
FN:5,fulfilled
FN:6,rejected
FN:7,step
FN:11,(anonymous_7)
FN:20,(anonymous_8)
FN:21,(anonymous_9)
FN:25,(anonymous_10)
FN:28,(anonymous_11)
FN:32,(anonymous_12)
FN:33,(anonymous_13)
FN:37,(anonymous_14)
FN:48,(anonymous_15)
FN:49,(anonymous_16)
FNF:17
FNH:11
FNDA:1,(anonymous_0)
FNDA:1,adopt
FNDA:1,(anonymous_2)
FNDA:1,(anonymous_3)
FNDA:1,fulfilled
FNDA:0,rejected
FNDA:2,step
FNDA:6,(anonymous_7)
FNDA:1,(anonymous_8)
FNDA:1,(anonymous_9)
FNDA:2,(anonymous_10)
FNDA:2,(anonymous_11)
FNDA:0,(anonymous_12)
FNDA:0,(anonymous_13)
FNDA:0,(anonymous_14)
FNDA:0,(anonymous_15)
FNDA:0,(anonymous_16)
DA:2,2
DA:3,1
DA:4,1
DA:5,1
DA:6,0
DA:7,2
DA:8,1
DA:11,2
DA:12,6
DA:14,2
DA:15,2
DA:16,2
DA:17,2
DA:18,2
DA:19,2
DA:21,1
DA:22,1
DA:23,1
DA:24,1
DA:25,1
DA:26,2
DA:28,2
DA:29,1
DA:33,0
DA:34,0
DA:35,0
DA:36,0
DA:37,0
DA:38,0
DA:40,0
DA:41,0
DA:42,0
DA:43,0
DA:45,0
DA:49,0
DA:50,0
DA:51,0
DA:52,0
DA:53,0
DA:54,0
DA:55,0
DA:63,0
DA:64,0
DA:65,0
DA:66,0
DA:69,0
DA:70,0
LF:47
LH:22
BRDA:2,0,0,2
BRDA:2,0,1,2
BRDA:2,0,2,2
BRDA:3,1,0,0
BRDA:3,1,1,1
BRDA:4,2,0,1
BRDA:4,2,1,1
BRDA:7,3,0,1
BRDA:7,3,1,1
BRDA:8,4,0,1
BRDA:8,4,1,1
BRDA:11,5,0,2
BRDA:11,5,1,2
BRDA:11,5,2,2
BRDA:12,6,0,2
BRDA:12,6,1,4
BRDA:12,7,0,6
BRDA:12,7,1,6
BRDA:40,8,0,0
BRDA:40,8,1,0
BRF:20
BRH:17
end_of_record
TN:
SF:lib\src\infrastructure\repositories\json_file\BlogPostRepositoryImpl.js
FN:2,(anonymous_0)
FN:8,(anonymous_1)
FN:11,(anonymous_2)
FNF:3
FNH:2
FNDA:2,(anonymous_0)
FNDA:0,(anonymous_1)
FNDA:1,(anonymous_2)
DA:2,2
DA:3,2
DA:5,2
DA:6,2
DA:9,0
DA:12,1
DA:15,2
LF:7
LH:6
BRDA:2,0,0,2
BRDA:2,0,1,2
BRDA:2,0,2,2
BRDA:3,1,0,2
BRDA:3,1,1,0
BRDA:3,2,0,2
BRDA:3,2,1,2
BRF:7
BRH:6
end_of_record
TN:
SF:lib\src\infrastructure\security\JwtAccessTokenManager.js
FN:2,(anonymous_0)
FN:9,(anonymous_1)
FN:12,(anonymous_2)
FN:13,(anonymous_3)
FN:14,(anonymous_4)
FNF:5
FNH:5
FNDA:4,(anonymous_0)
FNDA:1,(anonymous_1)
FNDA:1,(anonymous_2)
FNDA:1,(anonymous_3)
FNDA:1,(anonymous_4)
DA:2,2
DA:3,4
DA:5,2
DA:6,2
DA:7,2
DA:10,1
DA:13,1
DA:14,1
DA:15,1
DA:16,0
DA:18,1
DA:19,1
DA:20,1
DA:23,0
DA:30,2
LF:15
LH:13
BRDA:2,0,0,2
BRDA:2,0,1,2
BRDA:2,0,2,2
BRDA:3,1,0,2
BRDA:3,1,1,2
BRDA:3,2,0,4
BRDA:3,2,1,4
BRDA:15,3,0,0
BRDA:15,3,1,1
BRDA:18,4,0,1
BRDA:18,4,1,0
BRF:11
BRH:9
end_of_record
TN:
SF:lib\src\infrastructure\services\ImageCompressManager.js
FN:2,(anonymous_0)
FN:3,adopt
FN:3,(anonymous_2)
FN:4,(anonymous_3)
FN:5,fulfilled
FN:6,rejected
FN:7,step
FN:11,(anonymous_7)
FN:18,(anonymous_8)
FN:19,(anonymous_9)
FNF:10
FNH:6
FNDA:1,(anonymous_0)
FNDA:0,adopt
FNDA:0,(anonymous_2)
FNDA:1,(anonymous_3)
FNDA:0,fulfilled
FNDA:0,rejected
FNDA:1,step
FNDA:4,(anonymous_7)
FNDA:1,(anonymous_8)
FNDA:1,(anonymous_9)
DA:2,2
DA:3,0
DA:4,1
DA:5,0
DA:6,0
DA:7,1
DA:8,1
DA:11,2
DA:12,4
DA:14,2
DA:15,2
DA:16,2
DA:19,1
DA:20,1
DA:21,0
DA:22,0
DA:23,0
DA:24,0
DA:25,0
DA:27,0
DA:28,0
DA:31,1
DA:35,2
LF:23
LH:13
BRDA:2,0,0,2
BRDA:2,0,1,2
BRDA:2,0,2,2
BRDA:3,1,0,0
BRDA:3,1,1,0
BRDA:4,2,0,1
BRDA:4,2,1,1
BRDA:7,3,0,1
BRDA:7,3,1,0
BRDA:8,4,0,1
BRDA:8,4,1,1
BRDA:11,5,0,2
BRDA:11,5,1,2
BRDA:11,5,2,2
BRDA:12,6,0,0
BRDA:12,6,1,4
BRDA:12,7,0,4
BRDA:12,7,1,4
BRDA:24,8,0,0
BRDA:24,8,1,0
BRDA:27,9,0,0
BRDA:27,9,1,0
BRF:22
BRH:14
end_of_record
TN:
SF:lib\src\infrastructure\stos\BlogPostSTO.js
FN:2,(anonymous_0)
FN:7,(anonymous_1)
FNF:2
FNH:2
FNDA:2,(anonymous_0)
FNDA:2,(anonymous_1)
DA:2,2
DA:3,2
DA:5,2
DA:6,2
DA:7,2
DA:8,2
DA:9,0
DA:10,2
LF:8
LH:7
BRDA:2,0,0,2
BRDA:2,0,1,2
BRDA:2,0,2,2
BRDA:3,1,0,2
BRDA:3,1,1,0
BRDA:3,2,0,2
BRDA:3,2,1,2
BRDA:8,3,0,0
BRDA:8,3,1,2
BRF:9
BRH:7
end_of_record
TN:
SF:lib\src\infrastructure\webserver\routes\routes.js
FN:2,(anonymous_0)
FNF:1
FNH:1
FNDA:4,(anonymous_0)
DA:2,2
DA:3,4
DA:5,2
DA:6,2
DA:7,2
DA:8,2
DA:9,2
DA:10,2
DA:11,2
DA:12,2
LF:10
LH:10
BRDA:2,0,0,2
BRDA:2,0,1,2
BRDA:2,0,2,2
BRDA:3,1,0,4
BRDA:3,1,1,0
BRDA:3,2,0,4
BRDA:3,2,1,4
BRF:7
BRH:6
end_of_record
TN:
SF:lib\src\infrastructure\webserver\server\app.js
FN:2,(anonymous_0)
FNF:1
FNH:1
FNDA:8,(anonymous_0)
DA:2,2
DA:3,8
DA:5,2
DA:6,2
DA:7,2
DA:8,2
DA:9,2
DA:10,2
DA:11,2
DA:12,2
DA:13,2
DA:14,2
DA:15,2
DA:16,2
DA:17,2
DA:18,2
DA:19,2
LF:17
LH:17
BRDA:2,0,0,2
BRDA:2,0,1,2
BRDA:2,0,2,2
BRDA:3,1,0,4
BRDA:3,1,1,4
BRDA:3,2,0,8
BRDA:3,2,1,8
BRF:7
BRH:7
end_of_record
TN:
SF:lib\src\interfaces\controllers\BlogPostController.js
FN:2,(anonymous_0)
FN:3,adopt
FN:3,(anonymous_2)
FN:4,(anonymous_3)
FN:5,fulfilled
FN:6,rejected
FN:7,step
FN:11,(anonymous_7)
FN:19,(anonymous_8)
FN:20,(anonymous_9)
FN:25,(anonymous_10)
FN:28,(anonymous_11)
FN:32,(anonymous_12)
FN:33,(anonymous_13)
FN:51,(anonymous_14)
FNF:15
FNH:13
FNDA:2,(anonymous_0)
FNDA:2,adopt
FNDA:0,(anonymous_2)
FNDA:2,(anonymous_3)
FNDA:1,fulfilled
FNDA:1,rejected
FNDA:4,step
FNDA:4,(anonymous_7)
FNDA:1,(anonymous_8)
FNDA:1,(anonymous_9)
FNDA:2,(anonymous_10)
FNDA:2,(anonymous_11)
FNDA:1,(anonymous_12)
FNDA:1,(anonymous_13)
FNDA:0,(anonymous_14)
DA:2,2
DA:3,2
DA:4,2
DA:5,1
DA:6,1
DA:7,4
DA:8,2
DA:11,2
DA:12,4
DA:14,2
DA:15,2
DA:16,2
DA:17,2
DA:18,2
DA:20,1
DA:22,1
DA:24,1
DA:25,2
DA:27,1
DA:28,2
DA:29,1
DA:33,1
DA:35,1
DA:37,1
DA:38,1
DA:39,1
DA:40,1
DA:41,1
DA:42,0
DA:43,0
DA:44,0
DA:49,1
DA:50,1
DA:51,0
DA:52,0
DA:56,0
DA:59,1
DA:67,1
DA:68,1
DA:69,1
DA:70,1
DA:73,1
DA:74,1
DA:76,0
DA:78,0
DA:82,1
DA:83,1
DA:85,0
DA:86,0
LF:49
LH:39
BRDA:2,0,0,2
BRDA:2,0,1,2
BRDA:2,0,2,2
BRDA:3,1,0,2
BRDA:3,1,1,0
BRDA:4,2,0,2
BRDA:4,2,1,2
BRDA:7,3,0,2
BRDA:7,3,1,2
BRDA:8,4,0,2
BRDA:8,4,1,2
BRDA:11,5,0,2
BRDA:11,5,1,2
BRDA:11,5,2,2
BRDA:12,6,0,4
BRDA:12,6,1,0
BRDA:12,7,0,4
BRDA:12,7,1,4
BRDA:41,8,0,0
BRDA:41,8,1,1
BRDA:41,9,0,1
BRDA:41,9,1,1
BRDA:41,9,2,0
BRDA:50,10,0,0
BRDA:50,10,1,1
BRDA:50,11,0,1
BRDA:50,11,1,1
BRDA:50,11,2,0
BRDA:73,12,0,1
BRDA:73,12,1,0
BRDA:76,13,0,0
BRDA:76,13,1,0
BRDA:82,14,0,1
BRDA:82,14,1,0
BRF:34
BRH:24
end_of_record
TN:
SF:lib\src\interfaces\controllers\ImageController.js
FN:2,(anonymous_0)
FN:3,adopt
FN:3,(anonymous_2)
FN:4,(anonymous_3)
FN:5,fulfilled
FN:6,rejected
FN:7,step
FN:11,(anonymous_7)
FN:17,(anonymous_8)
FN:18,(anonymous_9)
FN:42,(anonymous_10)
FN:43,(anonymous_11)
FNF:12
FNH:10
FNDA:2,(anonymous_0)
FNDA:1,adopt
FNDA:0,(anonymous_2)
FNDA:2,(anonymous_3)
FNDA:1,fulfilled
FNDA:0,rejected
FNDA:3,step
FNDA:2,(anonymous_7)
FNDA:1,(anonymous_8)
FNDA:1,(anonymous_9)
FNDA:1,(anonymous_10)
FNDA:1,(anonymous_11)
DA:2,2
DA:3,1
DA:4,2
DA:5,1
DA:6,0
DA:7,3
DA:8,2
DA:11,2
DA:12,2
DA:14,2
DA:15,2
DA:16,2
DA:18,1
DA:19,1
DA:21,1
DA:22,1
DA:23,1
DA:26,1
DA:27,1
DA:30,0
DA:33,1
DA:34,0
DA:36,1
DA:39,1
DA:43,1
DA:44,1
DA:45,1
LF:27
LH:24
BRDA:2,0,0,2
BRDA:2,0,1,2
BRDA:2,0,2,2
BRDA:3,1,0,1
BRDA:3,1,1,0
BRDA:4,2,0,2
BRDA:4,2,1,2
BRDA:7,3,0,2
BRDA:7,3,1,1
BRDA:8,4,0,2
BRDA:8,4,1,2
BRDA:11,5,0,2
BRDA:11,5,1,2
BRDA:11,5,2,2
BRDA:12,6,0,2
BRDA:12,6,1,0
BRDA:12,7,0,2
BRDA:12,7,1,2
BRDA:33,8,0,0
BRDA:33,8,1,1
BRF:20
BRH:17
end_of_record
TN:
SF:lib\src\interfaces\middlewares\AuthenticationMiddleware.js
FN:2,(anonymous_0)
FN:3,adopt
FN:3,(anonymous_2)
FN:4,(anonymous_3)
FN:5,fulfilled
FN:6,rejected
FN:7,step
FN:11,(anonymous_7)
FN:16,(anonymous_8)
FN:16,(anonymous_9)
FN:16,(anonymous_10)
FNF:11
FNH:9
FNDA:1,(anonymous_0)
FNDA:1,adopt
FNDA:0,(anonymous_2)
FNDA:1,(anonymous_3)
FNDA:1,fulfilled
FNDA:0,rejected
FNDA:2,step
FNDA:2,(anonymous_7)
FNDA:2,(anonymous_8)
FNDA:1,(anonymous_9)
FNDA:1,(anonymous_10)
DA:2,2
DA:3,1
DA:4,1
DA:5,1
DA:6,0
DA:7,2
DA:8,1
DA:11,2
DA:12,2
DA:14,2
DA:15,2
DA:16,2
DA:18,1
DA:20,1
DA:21,1
DA:22,1
DA:23,0
DA:25,1
DA:27,1
DA:28,1
DA:29,1
DA:30,0
DA:32,1
DA:33,0
DA:37,0
DA:38,0
DA:40,0
DA:41,0
DA:43,1
LF:29
LH:21
BRDA:2,0,0,2
BRDA:2,0,1,2
BRDA:2,0,2,2
BRDA:3,1,0,1
BRDA:3,1,1,0
BRDA:4,2,0,1
BRDA:4,2,1,1
BRDA:7,3,0,1
BRDA:7,3,1,1
BRDA:8,4,0,1
BRDA:8,4,1,1
BRDA:11,5,0,2
BRDA:11,5,1,2
BRDA:11,5,2,2
BRDA:12,6,0,2
BRDA:12,6,1,0
BRDA:12,7,0,2
BRDA:12,7,1,2
BRDA:16,8,0,2
BRDA:16,9,0,0
BRDA:22,10,0,0
BRDA:22,10,1,1
BRDA:22,11,0,1
BRDA:22,11,1,1
BRDA:29,12,0,0
BRDA:29,12,1,1
BRDA:32,13,0,0
BRDA:32,13,1,1
BRDA:37,14,0,0
BRDA:37,14,1,0
BRDA:40,15,0,0
BRDA:40,15,1,0
BRF:32
BRH:22
end_of_record
TN:
SF:lib\src\interfaces\middlewares\UploadMiddlewares.js
FN:2,(anonymous_0)
FN:10,(anonymous_1)
FN:13,(anonymous_2)
FN:20,(anonymous_3)
FNF:4
FNH:4
FNDA:4,(anonymous_0)
FNDA:1,(anonymous_1)
FNDA:1,(anonymous_2)
FNDA:1,(anonymous_3)
DA:2,2
DA:3,4
DA:5,2
DA:6,2
DA:7,2
DA:8,2
DA:9,2
DA:11,1
DA:15,1
DA:16,1
DA:17,1
DA:20,2
DA:21,1
DA:22,1
DA:23,0
DA:25,1
DA:26,0
DA:28,1
DA:30,2
DA:32,2
LF:20
LH:18
BRDA:2,0,0,2
BRDA:2,0,1,2
BRDA:2,0,2,2
BRDA:3,1,0,0
BRDA:3,1,1,4
BRDA:3,2,0,4
BRDA:3,2,1,4
BRDA:15,3,0,1
BRDA:15,3,1,0
BRDA:15,4,0,1
BRDA:15,4,1,1
BRDA:22,5,0,0
BRDA:22,5,1,1
BRDA:25,6,0,0
BRDA:25,6,1,1
BRF:15
BRH:11
end_of_record
TN:
SF:lib\src\interfaces\routes\blog_post.js
FN:2,(anonymous_0)
FNF:1
FNH:1
FNDA:4,(anonymous_0)
DA:2,2
DA:3,4
DA:5,2
DA:6,2
DA:7,2
DA:8,2
DA:9,2
DA:10,2
DA:11,2
DA:12,2
LF:10
LH:10
BRDA:2,0,0,2
BRDA:2,0,1,2
BRDA:2,0,2,2
BRDA:3,1,0,4
BRDA:3,1,1,0
BRDA:3,2,0,4
BRDA:3,2,1,4
BRF:7
BRH:6
end_of_record
TN:
SF:lib\src\interfaces\routes\image.js
FN:2,(anonymous_0)
FNF:1
FNH:1
FNDA:4,(anonymous_0)
DA:2,2
DA:3,4
DA:5,2
DA:6,2
DA:7,2
DA:8,2
DA:9,2
DA:10,2
DA:11,2
DA:12,2
LF:10
LH:10
BRDA:2,0,0,2
BRDA:2,0,1,2
BRDA:2,0,2,2
BRDA:3,1,0,4
BRDA:3,1,1,0
BRDA:3,2,0,4
BRDA:3,2,1,4
BRF:7
BRH:6
end_of_record
TN:
SF:lib\src\interfaces\serializers\BlogPostSerializer.js
FN:2,(anonymous_0)
FN:8,(anonymous_1)
FNF:2
FNH:2
FNDA:2,(anonymous_0)
FNDA:2,(anonymous_1)
DA:2,2
DA:3,2
DA:5,2
DA:6,2
DA:9,2
DA:10,2
DA:19,2
DA:22,2
LF:8
LH:8
BRDA:2,0,0,2
BRDA:2,0,1,2
BRDA:2,0,2,2
BRDA:3,1,0,2
BRDA:3,1,1,0
BRDA:3,2,0,2
BRDA:3,2,1,2
BRDA:16,3,0,1
BRDA:16,3,1,1
BRF:9
BRH:8
end_of_record
TN:
SF:lib\src\interfaces\serializers\Serializer.js
FN:4,(anonymous_0)
FN:9,(anonymous_1)
FNF:2
FNH:1
FNDA:2,(anonymous_0)
FNDA:0,(anonymous_1)
DA:2,2
DA:5,2
DA:6,0
DA:8,2
DA:9,0
DA:11,2
DA:14,2
LF:7
LH:5
BRDA:5,0,0,0
BRDA:5,0,1,2
BRDA:8,1,0,0
BRDA:8,1,1,2
BRF:4
BRH:2
end_of_record
TN:
SF:src\application\use_cases\blog_post\CreateBlogPost.ts
FN:5,(anonymous_8)
FN:5,(anonymous_9)
FNF:2
FNH:2
FNDA:1,(anonymous_8)
FNDA:1,(anonymous_9)
DA:1,2
DA:2,2
DA:5,2
DA:6,1
DA:7,1
DA:10,1
DA:11,0
DA:17,0
LF:8
LH:6
BRDA:6,0,0,1
BRF:1
BRH:1
end_of_record
TN:
SF:src\application\use_cases\blog_post\ListBlogPosts.ts
FN:3,(anonymous_7)
FN:3,(anonymous_8)
FNF:2
FNH:2
FNDA:2,(anonymous_7)
FNDA:2,(anonymous_8)
DA:3,2
LF:1
LH:1
BRF:0
BRH:0
end_of_record
TN:
SF:src\application\use_cases\image\GenerateToken.ts
FN:3,(anonymous_7)
FN:5,(anonymous_8)
FNF:2
FNH:2
FNDA:2,(anonymous_7)
FNDA:2,(anonymous_8)
DA:3,2
DA:5,2
LF:2
LH:2
BRF:0
BRH:0
end_of_record
TN:
SF:src\application\use_cases\image\VerifyToken.ts
FN:3,(anonymous_7)
FN:3,(anonymous_8)
FNF:2
FNH:2
FNDA:2,(anonymous_7)
FNDA:2,(anonymous_8)
DA:3,2
DA:4,2
DA:5,2
DA:6,0
DA:8,2
DA:10,2
DA:11,2
LF:7
LH:6
BRDA:5,0,0,0
BRF:1
BRH:0
end_of_record
TN:
SF:src\domain\entities\BlogPost.ts
FN:10,(anonymous_1)
FNF:1
FNH:1
FNDA:4,(anonymous_1)
DA:1,2
DA:3,2
DA:25,4
DA:26,4
DA:27,4
DA:28,4
DA:29,4
DA:30,4
LF:8
LH:8
BRF:0
BRH:0
end_of_record
TN:
SF:src\domain\entities\Entity.ts
FN:6,(anonymous_0)
FNF:1
FNH:1
FNDA:4,(anonymous_0)
DA:3,2
DA:11,4
LF:2
LH:2
BRF:0
BRH:0
end_of_record
TN:
SF:src\domain\validators\BlogPostValidator.ts
FNF:0
FNH:0
DA:1,2
DA:3,2
LF:2
LH:2
BRF:0
BRH:0
end_of_record
TN:
SF:src\infrastructure\config\environment.ts
FN:4,(anonymous_0)
FNF:1
FNH:1
FNDA:2,(anonymous_0)
DA:4,2
DA:5,2
DA:10,2
LF:3
LH:3
BRDA:6,0,0,2
BRDA:6,0,1,2
BRDA:7,1,0,2
BRDA:7,1,1,2
BRF:4
BRH:4
end_of_record
TN:
SF:src\infrastructure\config\service-locator.ts
FN:17,buildBeans
FNF:1
FNH:1
FNDA:2,buildBeans
DA:3,2
DA:4,2
DA:5,2
DA:6,2
DA:18,2
DA:27,2
DA:30,2
LF:7
LH:7
BRF:0
BRH:0
end_of_record
TN:
SF:src\infrastructure\orm\json_file\json_file.ts
FN:12,(anonymous_8)
FN:17,(anonymous_10)
FN:19,(anonymous_11)
FN:23,(anonymous_12)
FN:27,(anonymous_14)
FN:38,(anonymous_15)
FNF:6
FNH:3
FNDA:2,(anonymous_8)
FNDA:4,(anonymous_10)
FNDA:4,(anonymous_11)
FNDA:0,(anonymous_12)
FNDA:0,(anonymous_14)
FNDA:0,(anonymous_15)
DA:1,2
DA:2,2
DA:4,2
DA:9,2
DA:11,2
DA:14,2
DA:15,2
DA:16,2
DA:17,4
DA:19,4
DA:20,2
DA:24,0
DA:25,0
DA:26,0
DA:27,0
DA:29,0
DA:30,0
DA:31,0
DA:32,0
DA:33,0
DA:35,0
DA:39,0
DA:40,0
DA:42,0
DA:43,0
DA:44,0
DA:45,0
DA:53,0
DA:54,0
DA:55,0
DA:56,0
DA:58,0
DA:59,0
LF:33
LH:11
BRDA:30,0,0,0
BRF:1
BRH:0
end_of_record
TN:
SF:src\infrastructure\repositories\json_file\BlogPostRepositoryImpl.ts
FN:8,(anonymous_1)
FN:13,(anonymous_2)
FNF:2
FNH:1
FNDA:0,(anonymous_1)
FNDA:2,(anonymous_2)
DA:4,2
DA:6,2
DA:9,0
DA:14,2
LF:4
LH:3
BRF:0
BRH:0
end_of_record
TN:
SF:src\infrastructure\security\JwtAccessTokenManager.ts
FN:7,(anonymous_1)
FN:11,(anonymous_2)
FN:12,(anonymous_3)
FN:13,(anonymous_4)
FNF:4
FNH:4
FNDA:2,(anonymous_1)
FNDA:2,(anonymous_2)
FNDA:2,(anonymous_3)
FNDA:2,(anonymous_4)
DA:1,2
DA:2,2
DA:6,2
DA:8,2
DA:12,2
DA:13,2
DA:14,2
DA:15,0
DA:16,2
DA:17,2
DA:19,2
DA:21,0
LF:12
LH:10
BRDA:14,0,0,0
BRDA:14,0,1,2
BRDA:16,1,0,2
BRDA:16,1,1,0
BRF:4
BRH:2
end_of_record
TN:
SF:src\infrastructure\services\ImageCompressManager.ts
FN:7,(anonymous_8)
FNF:1
FNH:1
FNDA:1,(anonymous_8)
DA:1,2
DA:3,2
DA:6,2
DA:8,1
DA:9,0
DA:10,0
DA:11,0
DA:12,0
DA:13,0
DA:14,0
DA:15,0
DA:21,1
LF:12
LH:5
BRDA:12,0,0,0
BRDA:12,0,1,0
BRDA:14,1,0,0
BRF:3
BRH:0
end_of_record
TN:
SF:src\infrastructure\stos\BlogPostSTO.ts
FN:3,(anonymous_1)
FNF:1
FNH:1
FNDA:4,(anonymous_1)
DA:1,2
DA:3,2
DA:4,4
DA:5,4
LF:4
LH:4
BRDA:4,0,0,0
BRF:1
BRH:0
end_of_record
TN:
SF:src\infrastructure\webserver\routes\routes.ts
FNF:0
FNH:0
DA:1,2
DA:2,2
DA:3,2
DA:4,2
DA:6,2
DA:7,2
DA:9,2
LF:7
LH:7
BRF:0
BRH:0
end_of_record
TN:
SF:src\infrastructure\webserver\server\app.ts
FNF:0
FNH:0
DA:1,2
DA:2,2
DA:3,2
DA:4,2
DA:6,2
DA:7,2
DA:10,2
DA:12,2
DA:13,2
DA:14,2
DA:16,2
DA:17,2
DA:18,2
DA:21,2
LF:14
LH:14
BRF:0
BRH:0
end_of_record
TN:
SF:src\interfaces\controllers\BlogPostController.ts
FN:11,(anonymous_8)
FN:19,(anonymous_10)
FN:23,(anonymous_11)
FN:28,(anonymous_12)
FN:54,(anonymous_14)
FNF:5
FNH:4
FNDA:2,(anonymous_8)
FNDA:4,(anonymous_10)
FNDA:4,(anonymous_11)
FNDA:1,(anonymous_12)
FNDA:0,(anonymous_14)
DA:2,2
DA:3,2
DA:4,2
DA:9,2
DA:14,2
DA:17,2
DA:19,4
DA:22,2
DA:23,4
DA:24,2
DA:30,1
DA:33,1
DA:34,1
DA:37,1
DA:41,1
DA:42,1
DA:43,0
DA:44,0
DA:45,0
DA:52,1
DA:53,1
DA:54,0
DA:55,0
DA:59,0
DA:63,1
DA:72,1
DA:73,1
DA:75,1
DA:78,1
DA:80,1
DA:81,1
DA:82,0
DA:84,0
DA:89,1
DA:90,1
DA:92,0
DA:93,0
LF:37
LH:27
BRDA:42,0,0,0
BRDA:42,1,0,1
BRDA:42,1,1,1
BRDA:42,1,2,0
BRDA:53,2,0,0
BRDA:53,3,0,1
BRDA:53,3,1,1
BRDA:53,3,2,0
BRDA:80,4,0,1
BRDA:80,4,1,0
BRDA:82,5,0,0
BRDA:89,6,0,1
BRF:12
BRH:6
end_of_record
TN:
SF:src\interfaces\controllers\ImageController.ts
FN:6,(anonymous_8)
FN:30,(anonymous_10)
FNF:2
FNH:2
FNDA:2,(anonymous_8)
FNDA:1,(anonymous_10)
DA:3,2
DA:5,2
DA:7,2
DA:10,2
DA:11,2
DA:12,2
DA:15,2
DA:16,2
DA:18,0
DA:21,2
DA:22,0
DA:24,2
DA:27,2
DA:31,1
DA:33,1
LF:15
LH:13
BRDA:21,0,0,0
BRF:1
BRH:0
end_of_record
TN:
SF:src\interfaces\middlewares\AuthenticationMiddleware.ts
FN:4,(anonymous_8)
FN:4,(anonymous_9)
FN:4,(anonymous_10)
FNF:3
FNH:3
FNDA:2,(anonymous_8)
FNDA:2,(anonymous_9)
FNDA:2,(anonymous_10)
DA:2,2
DA:4,2
DA:6,2
DA:9,2
DA:10,2
DA:11,2
DA:12,0
DA:14,2
DA:17,2
DA:18,2
DA:19,2
DA:20,0
DA:22,2
DA:23,1
DA:27,0
DA:28,0
DA:30,0
DA:31,0
DA:34,1
LF:19
LH:13
BRDA:4,0,0,2
BRDA:4,1,0,0
BRDA:11,2,0,0
BRDA:11,3,0,2
BRDA:11,3,1,2
BRDA:19,4,0,0
BRDA:22,5,0,1
BRDA:27,6,0,0
BRDA:30,7,0,0
BRF:9
BRH:4
end_of_record
TN:
SF:src\interfaces\middlewares\UploadMiddlewares.ts
FN:9,(anonymous_1)
FN:12,(anonymous_2)
FN:18,(anonymous_3)
FNF:3
FNH:3
FNDA:3,(anonymous_1)
FNDA:3,(anonymous_2)
FNDA:3,(anonymous_3)
DA:1,2
DA:2,2
DA:5,2
DA:8,2
DA:10,3
DA:13,3
DA:14,3
DA:15,3
DA:18,2
DA:19,3
DA:20,3
DA:21,0
DA:23,3
DA:24,0
DA:27,3
DA:31,2
DA:35,2
LF:17
LH:15
BRDA:13,0,0,3
BRDA:13,0,1,0
BRDA:13,1,0,3
BRDA:13,1,1,3
BRDA:20,2,0,0
BRDA:23,3,0,0
BRF:6
BRH:3
end_of_record
TN:
SF:src\interfaces\routes\blog_post.ts
FNF:0
FNH:0
DA:1,2
DA:2,2
DA:3,2
DA:6,2
DA:8,2
DA:9,2
DA:11,2
LF:7
LH:7
BRF:0
BRH:0
end_of_record
TN:
SF:src\interfaces\routes\image.ts
FNF:0
FNH:0
DA:1,2
DA:2,2
DA:3,2
DA:6,2
DA:8,2
DA:9,2
DA:11,2
LF:7
LH:7
BRF:0
BRH:0
end_of_record
TN:
SF:src\interfaces\serializers\BlogPostSerializer.ts
FN:6,(anonymous_1)
FNF:1
FNH:1
FNDA:4,(anonymous_1)
DA:3,2
DA:5,2
DA:7,4
DA:8,4
DA:17,4
LF:5
LH:5
BRDA:14,0,0,2
BRDA:14,0,1,2
BRF:2
BRH:2
end_of_record
TN:
SF:src\interfaces\serializers\Serializer.ts
FN:4,(anonymous_0)
FN:9,(anonymous_1)
FNF:2
FNH:1
FNDA:4,(anonymous_0)
FNDA:0,(anonymous_1)
DA:3,2
DA:5,4
DA:6,0
DA:8,4
DA:9,0
DA:11,4
LF:6
LH:4
BRDA:5,0,0,0
BRDA:8,1,0,0
BRF:2
BRH:0
end_of_record
